DEB [20170825-11:21:27.624] thr=1   paramiko.transport: starting thread (client mode): 0x67685250L
DEB [20170825-11:21:27.624] thr=1   paramiko.transport: Local version/idstring: SSH-2.0-paramiko_2.2.1
DEB [20170825-11:21:27.626] thr=1   paramiko.transport: Remote version/idstring: SSH-2.0-OpenSSH_6.7p1 Debian-5+deb8u3
INF [20170825-11:21:27.626] thr=1   paramiko.transport: Connected (version 2.0, client OpenSSH_6.7p1)
DEB [20170825-11:21:27.632] thr=1   paramiko.transport: kex algos:[u'curve25519-sha256@libssh.org', u'ecdh-sha2-nistp256', u'ecdh-sha2-nistp384', u'ecdh-sha2-nistp521', u'diffie-hellman-group-exchange-sha256', u'diffie-hellman-group14-sha1'] server key:[u'ssh-rsa', u'ssh-dss', u'ecdsa-sha2-nistp256', u'ssh-ed25519'] client encrypt:[u'aes128-ctr', u'aes192-ctr', u'aes256-ctr', u'aes128-gcm@openssh.com', u'aes256-gcm@openssh.com', u'chacha20-poly1305@openssh.com'] server encrypt:[u'aes128-ctr', u'aes192-ctr', u'aes256-ctr', u'aes128-gcm@openssh.com', u'aes256-gcm@openssh.com', u'chacha20-poly1305@openssh.com'] client mac:[u'umac-64-etm@openssh.com', u'umac-128-etm@openssh.com', u'hmac-sha2-256-etm@openssh.com', u'hmac-sha2-512-etm@openssh.com', u'hmac-sha1-etm@openssh.com', u'umac-64@openssh.com', u'umac-128@openssh.com', u'hmac-sha2-256', u'hmac-sha2-512', u'hmac-sha1'] server mac:[u'umac-64-etm@openssh.com', u'umac-128-etm@openssh.com', u'hmac-sha2-256-etm@openssh.com', u'hmac-sha2-512-etm@openssh.com', u'hmac-sha1-etm@openssh.com', u'umac-64@openssh.com', u'umac-128@openssh.com', u'hmac-sha2-256', u'hmac-sha2-512', u'hmac-sha1'] client compress:[u'none', u'zlib@openssh.com'] server compress:[u'none', u'zlib@openssh.com'] client lang:[u''] server lang:[u''] kex follows?False
DEB [20170825-11:21:27.635] thr=1   paramiko.transport: Kex agreed: ecdh-sha2-nistp256
DEB [20170825-11:21:27.636] thr=1   paramiko.transport: HostKey agreed: ssh-ed25519
DEB [20170825-11:21:27.636] thr=1   paramiko.transport: Cipher agreed: aes128-ctr
DEB [20170825-11:21:27.636] thr=1   paramiko.transport: MAC agreed: hmac-sha2-256
DEB [20170825-11:21:27.636] thr=1   paramiko.transport: Compression agreed: none
DEB [20170825-11:21:27.645] thr=1   paramiko.transport: kex engine KexNistp256 specified hash_algo <built-in function openssl_sha256>
DEB [20170825-11:21:27.645] thr=1   paramiko.transport: Switch to new keys ...
DEB [20170825-11:21:27.657] thr=2   paramiko.transport: Adding ssh-ed25519 host key for [10.253.12.244]:32200: 2197a7c7dea2e05ef5bd810468888afe
DEB [20170825-11:21:27.658] thr=2   paramiko.transport: Trying SSH key da0466ba87e0f880a0c2433d87e5938e
DEB [20170825-11:21:27.688] thr=1   paramiko.transport: userauth is OK
INF [20170825-11:21:27.730] thr=1   paramiko.transport: Authentication (publickey) successful!
DEB [20170825-11:21:27.759] thr=2   paramiko.transport: [chan 0] Max packet in: 32768 bytes
DEB [20170825-11:21:27.763] thr=1   paramiko.transport: [chan 0] Max packet out: 32768 bytes
DEB [20170825-11:21:27.763] thr=1   paramiko.transport: Secsh channel 0 opened.
DEB [20170825-11:21:27.768] thr=1   paramiko.transport: [chan 0] Sesch channel 0 request ok
DEB [20170825-11:21:27.770] thr=1   paramiko.transport: [chan 0] EOF received (0)
DEB [20170825-11:21:27.773] thr=1   paramiko.transport: [chan 0] EOF sent (0)
DEB [20170825-11:21:27.876] thr=1   paramiko.transport: EOF in transport thread
DEB [20170825-11:23:18.182] thr=1   paramiko.transport: starting thread (client mode): 0x6c715250L
DEB [20170825-11:23:18.183] thr=1   paramiko.transport: Local version/idstring: SSH-2.0-paramiko_2.2.1
DEB [20170825-11:23:18.184] thr=1   paramiko.transport: Remote version/idstring: SSH-2.0-OpenSSH_6.7p1 Debian-5+deb8u3
INF [20170825-11:23:18.185] thr=1   paramiko.transport: Connected (version 2.0, client OpenSSH_6.7p1)
DEB [20170825-11:23:18.190] thr=1   paramiko.transport: kex algos:[u'curve25519-sha256@libssh.org', u'ecdh-sha2-nistp256', u'ecdh-sha2-nistp384', u'ecdh-sha2-nistp521', u'diffie-hellman-group-exchange-sha256', u'diffie-hellman-group14-sha1'] server key:[u'ssh-rsa', u'ssh-dss', u'ecdsa-sha2-nistp256', u'ssh-ed25519'] client encrypt:[u'aes128-ctr', u'aes192-ctr', u'aes256-ctr', u'aes128-gcm@openssh.com', u'aes256-gcm@openssh.com', u'chacha20-poly1305@openssh.com'] server encrypt:[u'aes128-ctr', u'aes192-ctr', u'aes256-ctr', u'aes128-gcm@openssh.com', u'aes256-gcm@openssh.com', u'chacha20-poly1305@openssh.com'] client mac:[u'umac-64-etm@openssh.com', u'umac-128-etm@openssh.com', u'hmac-sha2-256-etm@openssh.com', u'hmac-sha2-512-etm@openssh.com', u'hmac-sha1-etm@openssh.com', u'umac-64@openssh.com', u'umac-128@openssh.com', u'hmac-sha2-256', u'hmac-sha2-512', u'hmac-sha1'] server mac:[u'umac-64-etm@openssh.com', u'umac-128-etm@openssh.com', u'hmac-sha2-256-etm@openssh.com', u'hmac-sha2-512-etm@openssh.com', u'hmac-sha1-etm@openssh.com', u'umac-64@openssh.com', u'umac-128@openssh.com', u'hmac-sha2-256', u'hmac-sha2-512', u'hmac-sha1'] client compress:[u'none', u'zlib@openssh.com'] server compress:[u'none', u'zlib@openssh.com'] client lang:[u''] server lang:[u''] kex follows?False
DEB [20170825-11:23:18.190] thr=1   paramiko.transport: Kex agreed: ecdh-sha2-nistp256
DEB [20170825-11:23:18.191] thr=1   paramiko.transport: HostKey agreed: ssh-ed25519
DEB [20170825-11:23:18.191] thr=1   paramiko.transport: Cipher agreed: aes128-ctr
DEB [20170825-11:23:18.191] thr=1   paramiko.transport: MAC agreed: hmac-sha2-256
DEB [20170825-11:23:18.191] thr=1   paramiko.transport: Compression agreed: none
DEB [20170825-11:23:18.198] thr=1   paramiko.transport: kex engine KexNistp256 specified hash_algo <built-in function openssl_sha256>
DEB [20170825-11:23:18.199] thr=1   paramiko.transport: Switch to new keys ...
DEB [20170825-11:23:18.199] thr=2   paramiko.transport: Adding ssh-ed25519 host key for [10.253.12.244]:32200: 2197a7c7dea2e05ef5bd810468888afe
DEB [20170825-11:23:18.199] thr=2   paramiko.transport: Trying SSH key da0466ba87e0f880a0c2433d87e5938e
DEB [20170825-11:23:18.241] thr=1   paramiko.transport: userauth is OK
INF [20170825-11:23:18.260] thr=1   paramiko.transport: Authentication (publickey) successful!
DEB [20170825-11:23:18.264] thr=2   paramiko.transport: [chan 0] Max packet in: 32768 bytes
DEB [20170825-11:23:18.267] thr=1   paramiko.transport: [chan 0] Max packet out: 32768 bytes
DEB [20170825-11:23:18.268] thr=1   paramiko.transport: Secsh channel 0 opened.
DEB [20170825-11:23:18.272] thr=1   paramiko.transport: [chan 0] Sesch channel 0 request ok
DEB [20170825-11:23:18.274] thr=1   paramiko.transport: [chan 0] EOF received (0)
DEB [20170825-11:23:18.276] thr=1   paramiko.transport: [chan 0] EOF sent (0)
DEB [20170825-11:23:18.381] thr=1   paramiko.transport: EOF in transport thread
DEB [20170825-13:20:39.516] thr=1   paramiko.transport: starting thread (client mode): 0x310d5250L
DEB [20170825-13:20:39.517] thr=1   paramiko.transport: Local version/idstring: SSH-2.0-paramiko_2.2.1
DEB [20170825-13:20:39.518] thr=1   paramiko.transport: Remote version/idstring: SSH-2.0-OpenSSH_6.7p1 Debian-5+deb8u3
INF [20170825-13:20:39.518] thr=1   paramiko.transport: Connected (version 2.0, client OpenSSH_6.7p1)
DEB [20170825-13:20:39.524] thr=1   paramiko.transport: kex algos:[u'curve25519-sha256@libssh.org', u'ecdh-sha2-nistp256', u'ecdh-sha2-nistp384', u'ecdh-sha2-nistp521', u'diffie-hellman-group-exchange-sha256', u'diffie-hellman-group14-sha1'] server key:[u'ssh-rsa', u'ssh-dss', u'ecdsa-sha2-nistp256', u'ssh-ed25519'] client encrypt:[u'aes128-ctr', u'aes192-ctr', u'aes256-ctr', u'aes128-gcm@openssh.com', u'aes256-gcm@openssh.com', u'chacha20-poly1305@openssh.com'] server encrypt:[u'aes128-ctr', u'aes192-ctr', u'aes256-ctr', u'aes128-gcm@openssh.com', u'aes256-gcm@openssh.com', u'chacha20-poly1305@openssh.com'] client mac:[u'umac-64-etm@openssh.com', u'umac-128-etm@openssh.com', u'hmac-sha2-256-etm@openssh.com', u'hmac-sha2-512-etm@openssh.com', u'hmac-sha1-etm@openssh.com', u'umac-64@openssh.com', u'umac-128@openssh.com', u'hmac-sha2-256', u'hmac-sha2-512', u'hmac-sha1'] server mac:[u'umac-64-etm@openssh.com', u'umac-128-etm@openssh.com', u'hmac-sha2-256-etm@openssh.com', u'hmac-sha2-512-etm@openssh.com', u'hmac-sha1-etm@openssh.com', u'umac-64@openssh.com', u'umac-128@openssh.com', u'hmac-sha2-256', u'hmac-sha2-512', u'hmac-sha1'] client compress:[u'none', u'zlib@openssh.com'] server compress:[u'none', u'zlib@openssh.com'] client lang:[u''] server lang:[u''] kex follows?False
DEB [20170825-13:20:39.524] thr=1   paramiko.transport: Kex agreed: ecdh-sha2-nistp256
DEB [20170825-13:20:39.524] thr=1   paramiko.transport: HostKey agreed: ssh-ed25519
DEB [20170825-13:20:39.524] thr=1   paramiko.transport: Cipher agreed: aes128-ctr
DEB [20170825-13:20:39.524] thr=1   paramiko.transport: MAC agreed: hmac-sha2-256
DEB [20170825-13:20:39.524] thr=1   paramiko.transport: Compression agreed: none
DEB [20170825-13:20:39.532] thr=1   paramiko.transport: kex engine KexNistp256 specified hash_algo <built-in function openssl_sha256>
DEB [20170825-13:20:39.532] thr=1   paramiko.transport: Switch to new keys ...
DEB [20170825-13:20:39.533] thr=2   paramiko.transport: Adding ssh-ed25519 host key for [10.253.12.244]:32200: 2197a7c7dea2e05ef5bd810468888afe
DEB [20170825-13:20:39.534] thr=2   paramiko.transport: Trying SSH key da0466ba87e0f880a0c2433d87e5938e
DEB [20170825-13:20:39.575] thr=1   paramiko.transport: userauth is OK
INF [20170825-13:20:39.622] thr=1   paramiko.transport: Authentication (publickey) successful!
DEB [20170825-13:20:39.636] thr=2   paramiko.transport: [chan 0] Max packet in: 32768 bytes
DEB [20170825-13:20:39.639] thr=1   paramiko.transport: [chan 0] Max packet out: 32768 bytes
DEB [20170825-13:20:39.639] thr=1   paramiko.transport: Secsh channel 0 opened.
DEB [20170825-13:20:39.643] thr=1   paramiko.transport: [chan 0] Sesch channel 0 request ok
DEB [20170825-13:20:39.645] thr=2   paramiko.transport: [chan 1] Max packet in: 32768 bytes
DEB [20170825-13:20:39.648] thr=1   paramiko.transport: [chan 0] EOF received (0)
DEB [20170825-13:20:39.649] thr=1   paramiko.transport: [chan 0] EOF sent (0)
DEB [20170825-13:20:39.651] thr=1   paramiko.transport: [chan 1] Max packet out: 32768 bytes
DEB [20170825-13:20:39.651] thr=1   paramiko.transport: Secsh channel 1 opened.
DEB [20170825-13:20:39.697] thr=1   paramiko.transport: [chan 1] Sesch channel 1 request ok
DEB [20170825-13:20:39.720] thr=2   paramiko.transport: [chan 1] EOF sent (1)
DEB [20170825-13:20:39.723] thr=2   paramiko.transport: [chan 2] Max packet in: 32768 bytes
DEB [20170825-13:20:39.725] thr=1   paramiko.transport: [chan 1] EOF received (1)
DEB [20170825-13:20:39.767] thr=1   paramiko.transport: [chan 2] Max packet out: 32768 bytes
DEB [20170825-13:20:39.768] thr=1   paramiko.transport: Secsh channel 2 opened.
DEB [20170825-13:20:39.800] thr=1   paramiko.transport: [chan 2] Sesch channel 2 request ok
DEB [20170825-13:20:39.821] thr=2   paramiko.transport: [chan 2] EOF sent (2)
DEB [20170825-13:20:39.826] thr=1   paramiko.transport: [chan 2] EOF received (2)
DEB [20170825-13:20:39.935] thr=1   paramiko.transport: EOF in transport thread
DEB [20170825-14:34:09.156] thr=1   paramiko.transport: starting thread (client mode): 0x1c9f5250L
DEB [20170825-14:34:09.157] thr=1   paramiko.transport: Local version/idstring: SSH-2.0-paramiko_2.2.1
DEB [20170825-14:34:09.158] thr=1   paramiko.transport: Remote version/idstring: SSH-2.0-OpenSSH_6.7p1 Debian-5+deb8u3
INF [20170825-14:34:09.158] thr=1   paramiko.transport: Connected (version 2.0, client OpenSSH_6.7p1)
DEB [20170825-14:34:09.164] thr=1   paramiko.transport: kex algos:[u'curve25519-sha256@libssh.org', u'ecdh-sha2-nistp256', u'ecdh-sha2-nistp384', u'ecdh-sha2-nistp521', u'diffie-hellman-group-exchange-sha256', u'diffie-hellman-group14-sha1'] server key:[u'ssh-rsa', u'ssh-dss', u'ecdsa-sha2-nistp256', u'ssh-ed25519'] client encrypt:[u'aes128-ctr', u'aes192-ctr', u'aes256-ctr', u'aes128-gcm@openssh.com', u'aes256-gcm@openssh.com', u'chacha20-poly1305@openssh.com'] server encrypt:[u'aes128-ctr', u'aes192-ctr', u'aes256-ctr', u'aes128-gcm@openssh.com', u'aes256-gcm@openssh.com', u'chacha20-poly1305@openssh.com'] client mac:[u'umac-64-etm@openssh.com', u'umac-128-etm@openssh.com', u'hmac-sha2-256-etm@openssh.com', u'hmac-sha2-512-etm@openssh.com', u'hmac-sha1-etm@openssh.com', u'umac-64@openssh.com', u'umac-128@openssh.com', u'hmac-sha2-256', u'hmac-sha2-512', u'hmac-sha1'] server mac:[u'umac-64-etm@openssh.com', u'umac-128-etm@openssh.com', u'hmac-sha2-256-etm@openssh.com', u'hmac-sha2-512-etm@openssh.com', u'hmac-sha1-etm@openssh.com', u'umac-64@openssh.com', u'umac-128@openssh.com', u'hmac-sha2-256', u'hmac-sha2-512', u'hmac-sha1'] client compress:[u'none', u'zlib@openssh.com'] server compress:[u'none', u'zlib@openssh.com'] client lang:[u''] server lang:[u''] kex follows?False
DEB [20170825-14:34:09.164] thr=1   paramiko.transport: Kex agreed: ecdh-sha2-nistp256
DEB [20170825-14:34:09.164] thr=1   paramiko.transport: HostKey agreed: ssh-ed25519
DEB [20170825-14:34:09.164] thr=1   paramiko.transport: Cipher agreed: aes128-ctr
DEB [20170825-14:34:09.164] thr=1   paramiko.transport: MAC agreed: hmac-sha2-256
DEB [20170825-14:34:09.165] thr=1   paramiko.transport: Compression agreed: none
DEB [20170825-14:34:09.174] thr=1   paramiko.transport: kex engine KexNistp256 specified hash_algo <built-in function openssl_sha256>
DEB [20170825-14:34:09.174] thr=1   paramiko.transport: Switch to new keys ...
DEB [20170825-14:34:09.190] thr=2   paramiko.transport: Adding ssh-ed25519 host key for [10.253.12.244]:32200: 2197a7c7dea2e05ef5bd810468888afe
DEB [20170825-14:34:09.190] thr=2   paramiko.transport: Trying SSH key da0466ba87e0f880a0c2433d87e5938e
DEB [20170825-14:34:09.213] thr=1   paramiko.transport: userauth is OK
INF [20170825-14:34:09.229] thr=1   paramiko.transport: Authentication (publickey) successful!
DEB [20170825-14:34:09.256] thr=2   paramiko.transport: [chan 0] Max packet in: 32768 bytes
DEB [20170825-14:34:09.258] thr=1   paramiko.transport: [chan 0] Max packet out: 32768 bytes
DEB [20170825-14:34:09.259] thr=1   paramiko.transport: Secsh channel 0 opened.
DEB [20170825-14:34:09.263] thr=1   paramiko.transport: [chan 0] Sesch channel 0 request ok
DEB [20170825-14:34:09.263] thr=2   paramiko.transport: [chan 1] Max packet in: 32768 bytes
DEB [20170825-14:34:09.265] thr=1   paramiko.transport: [chan 0] EOF received (0)
DEB [20170825-14:34:09.265] thr=1   paramiko.transport: [chan 0] EOF sent (0)
DEB [20170825-14:34:09.266] thr=1   paramiko.transport: [chan 1] Max packet out: 32768 bytes
DEB [20170825-14:34:09.266] thr=1   paramiko.transport: Secsh channel 1 opened.
DEB [20170825-14:34:09.309] thr=1   paramiko.transport: [chan 1] Sesch channel 1 request ok
DEB [20170825-14:34:09.326] thr=2   paramiko.transport: [chan 1] EOF sent (1)
DEB [20170825-14:34:09.327] thr=2   paramiko.transport: [chan 2] Max packet in: 32768 bytes
DEB [20170825-14:34:09.328] thr=1   paramiko.transport: [chan 1] EOF received (1)
DEB [20170825-14:34:09.330] thr=1   paramiko.transport: [chan 2] Max packet out: 32768 bytes
DEB [20170825-14:34:09.330] thr=1   paramiko.transport: Secsh channel 2 opened.
DEB [20170825-14:34:09.333] thr=1   paramiko.transport: [chan 2] Sesch channel 2 request ok
DEB [20170825-14:34:09.350] thr=2   paramiko.transport: [chan 2] EOF sent (2)
DEB [20170825-14:34:09.352] thr=2   paramiko.transport: [chan 3] Max packet in: 32768 bytes
DEB [20170825-14:34:09.353] thr=1   paramiko.transport: [chan 2] EOF received (2)
DEB [20170825-14:34:09.354] thr=1   paramiko.transport: [chan 3] Max packet out: 32768 bytes
DEB [20170825-14:34:09.354] thr=1   paramiko.transport: Secsh channel 3 opened.
DEB [20170825-14:34:09.358] thr=1   paramiko.transport: [chan 3] Sesch channel 3 request ok
DEB [20170825-14:34:09.787] thr=1   paramiko.transport: [chan 3] EOF received (3)
DEB [20170825-14:34:32.618] thr=1   paramiko.transport: starting thread (client mode): 0x5d645250L
DEB [20170825-14:34:32.619] thr=1   paramiko.transport: Local version/idstring: SSH-2.0-paramiko_2.2.1
DEB [20170825-14:34:32.620] thr=1   paramiko.transport: Remote version/idstring: SSH-2.0-OpenSSH_6.7p1 Debian-5+deb8u3
INF [20170825-14:34:32.620] thr=1   paramiko.transport: Connected (version 2.0, client OpenSSH_6.7p1)
DEB [20170825-14:34:32.626] thr=1   paramiko.transport: kex algos:[u'curve25519-sha256@libssh.org', u'ecdh-sha2-nistp256', u'ecdh-sha2-nistp384', u'ecdh-sha2-nistp521', u'diffie-hellman-group-exchange-sha256', u'diffie-hellman-group14-sha1'] server key:[u'ssh-rsa', u'ssh-dss', u'ecdsa-sha2-nistp256', u'ssh-ed25519'] client encrypt:[u'aes128-ctr', u'aes192-ctr', u'aes256-ctr', u'aes128-gcm@openssh.com', u'aes256-gcm@openssh.com', u'chacha20-poly1305@openssh.com'] server encrypt:[u'aes128-ctr', u'aes192-ctr', u'aes256-ctr', u'aes128-gcm@openssh.com', u'aes256-gcm@openssh.com', u'chacha20-poly1305@openssh.com'] client mac:[u'umac-64-etm@openssh.com', u'umac-128-etm@openssh.com', u'hmac-sha2-256-etm@openssh.com', u'hmac-sha2-512-etm@openssh.com', u'hmac-sha1-etm@openssh.com', u'umac-64@openssh.com', u'umac-128@openssh.com', u'hmac-sha2-256', u'hmac-sha2-512', u'hmac-sha1'] server mac:[u'umac-64-etm@openssh.com', u'umac-128-etm@openssh.com', u'hmac-sha2-256-etm@openssh.com', u'hmac-sha2-512-etm@openssh.com', u'hmac-sha1-etm@openssh.com', u'umac-64@openssh.com', u'umac-128@openssh.com', u'hmac-sha2-256', u'hmac-sha2-512', u'hmac-sha1'] client compress:[u'none', u'zlib@openssh.com'] server compress:[u'none', u'zlib@openssh.com'] client lang:[u''] server lang:[u''] kex follows?False
DEB [20170825-14:34:32.626] thr=1   paramiko.transport: Kex agreed: ecdh-sha2-nistp256
DEB [20170825-14:34:32.627] thr=1   paramiko.transport: HostKey agreed: ssh-ed25519
DEB [20170825-14:34:32.627] thr=1   paramiko.transport: Cipher agreed: aes128-ctr
DEB [20170825-14:34:32.627] thr=1   paramiko.transport: MAC agreed: hmac-sha2-256
DEB [20170825-14:34:32.627] thr=1   paramiko.transport: Compression agreed: none
DEB [20170825-14:34:32.634] thr=1   paramiko.transport: kex engine KexNistp256 specified hash_algo <built-in function openssl_sha256>
DEB [20170825-14:34:32.634] thr=1   paramiko.transport: Switch to new keys ...
DEB [20170825-14:34:32.635] thr=2   paramiko.transport: Adding ssh-ed25519 host key for [10.253.12.244]:32200: 2197a7c7dea2e05ef5bd810468888afe
DEB [20170825-14:34:32.636] thr=2   paramiko.transport: Trying SSH key da0466ba87e0f880a0c2433d87e5938e
DEB [20170825-14:34:32.678] thr=1   paramiko.transport: userauth is OK
INF [20170825-14:34:32.704] thr=1   paramiko.transport: Authentication (publickey) successful!
DEB [20170825-14:34:32.737] thr=2   paramiko.transport: [chan 0] Max packet in: 32768 bytes
DEB [20170825-14:34:32.741] thr=1   paramiko.transport: [chan 0] Max packet out: 32768 bytes
DEB [20170825-14:34:32.741] thr=1   paramiko.transport: Secsh channel 0 opened.
DEB [20170825-14:34:32.746] thr=1   paramiko.transport: [chan 0] Sesch channel 0 request ok
DEB [20170825-14:34:32.747] thr=2   paramiko.transport: [chan 1] Max packet in: 32768 bytes
DEB [20170825-14:34:32.750] thr=1   paramiko.transport: [chan 0] EOF received (0)
DEB [20170825-14:34:32.752] thr=1   paramiko.transport: [chan 0] EOF sent (0)
DEB [20170825-14:34:32.753] thr=1   paramiko.transport: [chan 1] Max packet out: 32768 bytes
DEB [20170825-14:34:32.754] thr=1   paramiko.transport: Secsh channel 1 opened.
DEB [20170825-14:34:32.795] thr=1   paramiko.transport: [chan 1] Sesch channel 1 request ok
DEB [20170825-14:34:32.815] thr=2   paramiko.transport: [chan 1] EOF sent (1)
DEB [20170825-14:34:32.818] thr=2   paramiko.transport: [chan 2] Max packet in: 32768 bytes
DEB [20170825-14:34:32.820] thr=1   paramiko.transport: [chan 1] EOF received (1)
DEB [20170825-14:34:32.822] thr=1   paramiko.transport: [chan 2] Max packet out: 32768 bytes
DEB [20170825-14:34:32.822] thr=1   paramiko.transport: Secsh channel 2 opened.
DEB [20170825-14:34:32.832] thr=1   paramiko.transport: [chan 2] Sesch channel 2 request ok
DEB [20170825-14:34:32.846] thr=2   paramiko.transport: [chan 2] EOF sent (2)
DEB [20170825-14:34:32.851] thr=1   paramiko.transport: [chan 2] EOF received (2)
DEB [20170825-14:34:32.856] thr=2   paramiko.transport: [chan 3] Max packet in: 32768 bytes
DEB [20170825-14:34:32.891] thr=1   paramiko.transport: [chan 3] Max packet out: 32768 bytes
DEB [20170825-14:34:32.891] thr=1   paramiko.transport: Secsh channel 3 opened.
DEB [20170825-14:34:32.927] thr=1   paramiko.transport: [chan 3] Sesch channel 3 request ok
DEB [20170825-14:34:33.350] thr=1   paramiko.transport: [chan 3] EOF received (3)
DEB [20170825-15:01:32.767] thr=1   paramiko.transport: starting thread (client mode): 0x5bb15250L
DEB [20170825-15:01:32.767] thr=1   paramiko.transport: Local version/idstring: SSH-2.0-paramiko_2.2.1
DEB [20170825-15:01:32.769] thr=1   paramiko.transport: Remote version/idstring: SSH-2.0-OpenSSH_6.7p1 Debian-5+deb8u3
INF [20170825-15:01:32.769] thr=1   paramiko.transport: Connected (version 2.0, client OpenSSH_6.7p1)
DEB [20170825-15:01:32.775] thr=1   paramiko.transport: kex algos:[u'curve25519-sha256@libssh.org', u'ecdh-sha2-nistp256', u'ecdh-sha2-nistp384', u'ecdh-sha2-nistp521', u'diffie-hellman-group-exchange-sha256', u'diffie-hellman-group14-sha1'] server key:[u'ssh-rsa', u'ssh-dss', u'ecdsa-sha2-nistp256', u'ssh-ed25519'] client encrypt:[u'aes128-ctr', u'aes192-ctr', u'aes256-ctr', u'aes128-gcm@openssh.com', u'aes256-gcm@openssh.com', u'chacha20-poly1305@openssh.com'] server encrypt:[u'aes128-ctr', u'aes192-ctr', u'aes256-ctr', u'aes128-gcm@openssh.com', u'aes256-gcm@openssh.com', u'chacha20-poly1305@openssh.com'] client mac:[u'umac-64-etm@openssh.com', u'umac-128-etm@openssh.com', u'hmac-sha2-256-etm@openssh.com', u'hmac-sha2-512-etm@openssh.com', u'hmac-sha1-etm@openssh.com', u'umac-64@openssh.com', u'umac-128@openssh.com', u'hmac-sha2-256', u'hmac-sha2-512', u'hmac-sha1'] server mac:[u'umac-64-etm@openssh.com', u'umac-128-etm@openssh.com', u'hmac-sha2-256-etm@openssh.com', u'hmac-sha2-512-etm@openssh.com', u'hmac-sha1-etm@openssh.com', u'umac-64@openssh.com', u'umac-128@openssh.com', u'hmac-sha2-256', u'hmac-sha2-512', u'hmac-sha1'] client compress:[u'none', u'zlib@openssh.com'] server compress:[u'none', u'zlib@openssh.com'] client lang:[u''] server lang:[u''] kex follows?False
DEB [20170825-15:01:32.775] thr=1   paramiko.transport: Kex agreed: ecdh-sha2-nistp256
DEB [20170825-15:01:32.775] thr=1   paramiko.transport: HostKey agreed: ssh-ed25519
DEB [20170825-15:01:32.776] thr=1   paramiko.transport: Cipher agreed: aes128-ctr
DEB [20170825-15:01:32.776] thr=1   paramiko.transport: MAC agreed: hmac-sha2-256
DEB [20170825-15:01:32.776] thr=1   paramiko.transport: Compression agreed: none
DEB [20170825-15:01:32.783] thr=1   paramiko.transport: kex engine KexNistp256 specified hash_algo <built-in function openssl_sha256>
DEB [20170825-15:01:32.784] thr=1   paramiko.transport: Switch to new keys ...
DEB [20170825-15:01:32.799] thr=2   paramiko.transport: Adding ssh-ed25519 host key for [10.253.12.244]:32200: 2197a7c7dea2e05ef5bd810468888afe
DEB [20170825-15:01:32.800] thr=2   paramiko.transport: Trying SSH key da0466ba87e0f880a0c2433d87e5938e
DEB [20170825-15:01:32.829] thr=1   paramiko.transport: userauth is OK
INF [20170825-15:01:32.853] thr=1   paramiko.transport: Authentication (publickey) successful!
DEB [20170825-15:01:32.865] thr=2   paramiko.transport: [chan 0] Max packet in: 32768 bytes
DEB [20170825-15:01:32.868] thr=1   paramiko.transport: [chan 0] Max packet out: 32768 bytes
DEB [20170825-15:01:32.868] thr=1   paramiko.transport: Secsh channel 0 opened.
DEB [20170825-15:01:32.872] thr=1   paramiko.transport: [chan 0] Sesch channel 0 request ok
DEB [20170825-15:01:32.873] thr=2   paramiko.transport: [chan 1] Max packet in: 32768 bytes
DEB [20170825-15:01:32.875] thr=1   paramiko.transport: [chan 0] EOF received (0)
DEB [20170825-15:01:32.876] thr=1   paramiko.transport: [chan 0] EOF sent (0)
DEB [20170825-15:01:32.877] thr=1   paramiko.transport: [chan 1] Max packet out: 32768 bytes
DEB [20170825-15:01:32.878] thr=1   paramiko.transport: Secsh channel 1 opened.
DEB [20170825-15:01:32.918] thr=1   paramiko.transport: [chan 1] Sesch channel 1 request ok
DEB [20170825-15:01:32.936] thr=2   paramiko.transport: [chan 1] EOF sent (1)
DEB [20170825-15:01:32.938] thr=2   paramiko.transport: [chan 2] Max packet in: 32768 bytes
DEB [20170825-15:01:32.940] thr=1   paramiko.transport: [chan 1] EOF received (1)
DEB [20170825-15:01:32.942] thr=1   paramiko.transport: [chan 2] Max packet out: 32768 bytes
DEB [20170825-15:01:32.943] thr=1   paramiko.transport: Secsh channel 2 opened.
DEB [20170825-15:01:32.952] thr=1   paramiko.transport: [chan 2] Sesch channel 2 request ok
DEB [20170825-15:01:32.966] thr=2   paramiko.transport: [chan 2] EOF sent (2)
DEB [20170825-15:01:32.970] thr=1   paramiko.transport: [chan 2] EOF received (2)
DEB [20170825-15:01:32.995] thr=2   paramiko.transport: [chan 3] Max packet in: 32768 bytes
DEB [20170825-15:01:33.011] thr=1   paramiko.transport: [chan 3] Max packet out: 32768 bytes
DEB [20170825-15:01:33.012] thr=1   paramiko.transport: Secsh channel 3 opened.
DEB [20170825-15:01:33.017] thr=1   paramiko.transport: [chan 3] Sesch channel 3 request ok
DEB [20170825-15:01:33.444] thr=1   paramiko.transport: [chan 3] EOF received (3)
DEB [20170825-15:01:46.747] thr=1   paramiko.transport: starting thread (client mode): 0x25fb5250L
DEB [20170825-15:01:46.747] thr=1   paramiko.transport: Local version/idstring: SSH-2.0-paramiko_2.2.1
DEB [20170825-15:01:46.749] thr=1   paramiko.transport: Remote version/idstring: SSH-2.0-OpenSSH_6.7p1 Debian-5+deb8u3
INF [20170825-15:01:46.749] thr=1   paramiko.transport: Connected (version 2.0, client OpenSSH_6.7p1)
DEB [20170825-15:01:46.754] thr=1   paramiko.transport: kex algos:[u'curve25519-sha256@libssh.org', u'ecdh-sha2-nistp256', u'ecdh-sha2-nistp384', u'ecdh-sha2-nistp521', u'diffie-hellman-group-exchange-sha256', u'diffie-hellman-group14-sha1'] server key:[u'ssh-rsa', u'ssh-dss', u'ecdsa-sha2-nistp256', u'ssh-ed25519'] client encrypt:[u'aes128-ctr', u'aes192-ctr', u'aes256-ctr', u'aes128-gcm@openssh.com', u'aes256-gcm@openssh.com', u'chacha20-poly1305@openssh.com'] server encrypt:[u'aes128-ctr', u'aes192-ctr', u'aes256-ctr', u'aes128-gcm@openssh.com', u'aes256-gcm@openssh.com', u'chacha20-poly1305@openssh.com'] client mac:[u'umac-64-etm@openssh.com', u'umac-128-etm@openssh.com', u'hmac-sha2-256-etm@openssh.com', u'hmac-sha2-512-etm@openssh.com', u'hmac-sha1-etm@openssh.com', u'umac-64@openssh.com', u'umac-128@openssh.com', u'hmac-sha2-256', u'hmac-sha2-512', u'hmac-sha1'] server mac:[u'umac-64-etm@openssh.com', u'umac-128-etm@openssh.com', u'hmac-sha2-256-etm@openssh.com', u'hmac-sha2-512-etm@openssh.com', u'hmac-sha1-etm@openssh.com', u'umac-64@openssh.com', u'umac-128@openssh.com', u'hmac-sha2-256', u'hmac-sha2-512', u'hmac-sha1'] client compress:[u'none', u'zlib@openssh.com'] server compress:[u'none', u'zlib@openssh.com'] client lang:[u''] server lang:[u''] kex follows?False
DEB [20170825-15:01:46.754] thr=1   paramiko.transport: Kex agreed: ecdh-sha2-nistp256
DEB [20170825-15:01:46.754] thr=1   paramiko.transport: HostKey agreed: ssh-ed25519
DEB [20170825-15:01:46.754] thr=1   paramiko.transport: Cipher agreed: aes128-ctr
DEB [20170825-15:01:46.754] thr=1   paramiko.transport: MAC agreed: hmac-sha2-256
DEB [20170825-15:01:46.754] thr=1   paramiko.transport: Compression agreed: none
DEB [20170825-15:01:46.762] thr=1   paramiko.transport: kex engine KexNistp256 specified hash_algo <built-in function openssl_sha256>
DEB [20170825-15:01:46.763] thr=1   paramiko.transport: Switch to new keys ...
DEB [20170825-15:01:46.763] thr=2   paramiko.transport: Adding ssh-ed25519 host key for [10.253.12.244]:32200: 2197a7c7dea2e05ef5bd810468888afe
DEB [20170825-15:01:46.764] thr=2   paramiko.transport: Trying SSH key da0466ba87e0f880a0c2433d87e5938e
DEB [20170825-15:01:46.806] thr=1   paramiko.transport: userauth is OK
INF [20170825-15:01:46.840] thr=1   paramiko.transport: Authentication (publickey) successful!
DEB [20170825-15:01:46.865] thr=2   paramiko.transport: [chan 0] Max packet in: 32768 bytes
DEB [20170825-15:01:46.868] thr=1   paramiko.transport: [chan 0] Max packet out: 32768 bytes
DEB [20170825-15:01:46.869] thr=1   paramiko.transport: Secsh channel 0 opened.
DEB [20170825-15:01:46.878] thr=1   paramiko.transport: [chan 0] Sesch channel 0 request ok
DEB [20170825-15:01:46.879] thr=2   paramiko.transport: [chan 1] Max packet in: 32768 bytes
DEB [20170825-15:01:46.881] thr=1   paramiko.transport: [chan 0] EOF received (0)
DEB [20170825-15:01:46.883] thr=1   paramiko.transport: [chan 0] EOF sent (0)
DEB [20170825-15:01:46.885] thr=1   paramiko.transport: [chan 1] Max packet out: 32768 bytes
DEB [20170825-15:01:46.885] thr=1   paramiko.transport: Secsh channel 1 opened.
DEB [20170825-15:01:46.926] thr=1   paramiko.transport: [chan 1] Sesch channel 1 request ok
DEB [20170825-15:01:46.944] thr=2   paramiko.transport: [chan 1] EOF sent (1)
DEB [20170825-15:01:46.946] thr=2   paramiko.transport: [chan 2] Max packet in: 32768 bytes
DEB [20170825-15:01:46.949] thr=1   paramiko.transport: [chan 1] EOF received (1)
DEB [20170825-15:01:46.990] thr=1   paramiko.transport: [chan 2] Max packet out: 32768 bytes
DEB [20170825-15:01:46.990] thr=1   paramiko.transport: Secsh channel 2 opened.
DEB [20170825-15:01:47.016] thr=1   paramiko.transport: [chan 2] Sesch channel 2 request ok
DEB [20170825-15:01:47.031] thr=2   paramiko.transport: [chan 2] EOF sent (2)
DEB [20170825-15:01:47.036] thr=1   paramiko.transport: [chan 2] EOF received (2)
DEB [20170825-15:01:47.111] thr=2   paramiko.transport: [chan 3] Max packet in: 32768 bytes
DEB [20170825-15:01:47.114] thr=1   paramiko.transport: [chan 3] Max packet out: 32768 bytes
DEB [20170825-15:01:47.114] thr=1   paramiko.transport: Secsh channel 3 opened.
DEB [20170825-15:01:47.119] thr=1   paramiko.transport: [chan 3] Sesch channel 3 request ok
DEB [20170825-15:01:47.543] thr=1   paramiko.transport: [chan 3] EOF received (3)
DEB [20170825-15:07:28.421] thr=1   paramiko.transport: starting thread (client mode): 0xf9e85290L
DEB [20170825-15:07:28.421] thr=1   paramiko.transport: Local version/idstring: SSH-2.0-paramiko_2.2.1
DEB [20170825-15:07:28.423] thr=1   paramiko.transport: Remote version/idstring: SSH-2.0-OpenSSH_6.7p1 Debian-5+deb8u3
INF [20170825-15:07:28.423] thr=1   paramiko.transport: Connected (version 2.0, client OpenSSH_6.7p1)
DEB [20170825-15:07:28.428] thr=1   paramiko.transport: kex algos:[u'curve25519-sha256@libssh.org', u'ecdh-sha2-nistp256', u'ecdh-sha2-nistp384', u'ecdh-sha2-nistp521', u'diffie-hellman-group-exchange-sha256', u'diffie-hellman-group14-sha1'] server key:[u'ssh-rsa', u'ssh-dss', u'ecdsa-sha2-nistp256', u'ssh-ed25519'] client encrypt:[u'aes128-ctr', u'aes192-ctr', u'aes256-ctr', u'aes128-gcm@openssh.com', u'aes256-gcm@openssh.com', u'chacha20-poly1305@openssh.com'] server encrypt:[u'aes128-ctr', u'aes192-ctr', u'aes256-ctr', u'aes128-gcm@openssh.com', u'aes256-gcm@openssh.com', u'chacha20-poly1305@openssh.com'] client mac:[u'umac-64-etm@openssh.com', u'umac-128-etm@openssh.com', u'hmac-sha2-256-etm@openssh.com', u'hmac-sha2-512-etm@openssh.com', u'hmac-sha1-etm@openssh.com', u'umac-64@openssh.com', u'umac-128@openssh.com', u'hmac-sha2-256', u'hmac-sha2-512', u'hmac-sha1'] server mac:[u'umac-64-etm@openssh.com', u'umac-128-etm@openssh.com', u'hmac-sha2-256-etm@openssh.com', u'hmac-sha2-512-etm@openssh.com', u'hmac-sha1-etm@openssh.com', u'umac-64@openssh.com', u'umac-128@openssh.com', u'hmac-sha2-256', u'hmac-sha2-512', u'hmac-sha1'] client compress:[u'none', u'zlib@openssh.com'] server compress:[u'none', u'zlib@openssh.com'] client lang:[u''] server lang:[u''] kex follows?False
DEB [20170825-15:07:28.429] thr=1   paramiko.transport: Kex agreed: ecdh-sha2-nistp256
DEB [20170825-15:07:28.429] thr=1   paramiko.transport: HostKey agreed: ssh-ed25519
DEB [20170825-15:07:28.429] thr=1   paramiko.transport: Cipher agreed: aes128-ctr
DEB [20170825-15:07:28.429] thr=1   paramiko.transport: MAC agreed: hmac-sha2-256
DEB [20170825-15:07:28.429] thr=1   paramiko.transport: Compression agreed: none
DEB [20170825-15:07:28.437] thr=1   paramiko.transport: kex engine KexNistp256 specified hash_algo <built-in function openssl_sha256>
DEB [20170825-15:07:28.437] thr=1   paramiko.transport: Switch to new keys ...
DEB [20170825-15:07:28.454] thr=2   paramiko.transport: Adding ssh-ed25519 host key for [10.253.12.244]:32200: 2197a7c7dea2e05ef5bd810468888afe
DEB [20170825-15:07:28.454] thr=2   paramiko.transport: Trying SSH key da0466ba87e0f880a0c2433d87e5938e
DEB [20170825-15:07:28.480] thr=1   paramiko.transport: userauth is OK
INF [20170825-15:07:28.505] thr=1   paramiko.transport: Authentication (publickey) successful!
DEB [20170825-15:07:28.519] thr=2   paramiko.transport: [chan 0] Max packet in: 32768 bytes
DEB [20170825-15:07:28.523] thr=1   paramiko.transport: [chan 0] Max packet out: 32768 bytes
DEB [20170825-15:07:28.523] thr=1   paramiko.transport: Secsh channel 0 opened.
DEB [20170825-15:07:28.528] thr=1   paramiko.transport: [chan 0] Sesch channel 0 request ok
DEB [20170825-15:07:28.530] thr=2   paramiko.transport: [chan 1] Max packet in: 32768 bytes
DEB [20170825-15:07:28.532] thr=1   paramiko.transport: [chan 0] EOF received (0)
DEB [20170825-15:07:28.534] thr=1   paramiko.transport: [chan 0] EOF sent (0)
DEB [20170825-15:07:28.535] thr=1   paramiko.transport: [chan 1] Max packet out: 32768 bytes
DEB [20170825-15:07:28.536] thr=1   paramiko.transport: Secsh channel 1 opened.
DEB [20170825-15:07:28.576] thr=1   paramiko.transport: [chan 1] Sesch channel 1 request ok
DEB [20170825-15:07:28.590] thr=2   paramiko.transport: [chan 1] EOF sent (1)
DEB [20170825-15:07:28.592] thr=2   paramiko.transport: [chan 2] Max packet in: 32768 bytes
DEB [20170825-15:07:28.594] thr=1   paramiko.transport: [chan 1] EOF received (1)
DEB [20170825-15:07:28.596] thr=1   paramiko.transport: [chan 2] Max packet out: 32768 bytes
DEB [20170825-15:07:28.596] thr=1   paramiko.transport: Secsh channel 2 opened.
DEB [20170825-15:07:28.604] thr=1   paramiko.transport: [chan 2] Sesch channel 2 request ok
DEB [20170825-15:07:28.620] thr=2   paramiko.transport: [chan 2] EOF sent (2)
DEB [20170825-15:07:28.624] thr=1   paramiko.transport: [chan 2] EOF received (2)
DEB [20170825-15:07:28.828] thr=1   paramiko.transport: EOF in transport thread
DEB [20170825-15:07:49.317] thr=1   paramiko.transport: starting thread (client mode): 0x4ee45290L
DEB [20170825-15:07:49.317] thr=1   paramiko.transport: Local version/idstring: SSH-2.0-paramiko_2.2.1
DEB [20170825-15:07:49.319] thr=1   paramiko.transport: Remote version/idstring: SSH-2.0-OpenSSH_6.7p1 Debian-5+deb8u3
INF [20170825-15:07:49.319] thr=1   paramiko.transport: Connected (version 2.0, client OpenSSH_6.7p1)
DEB [20170825-15:07:49.325] thr=1   paramiko.transport: kex algos:[u'curve25519-sha256@libssh.org', u'ecdh-sha2-nistp256', u'ecdh-sha2-nistp384', u'ecdh-sha2-nistp521', u'diffie-hellman-group-exchange-sha256', u'diffie-hellman-group14-sha1'] server key:[u'ssh-rsa', u'ssh-dss', u'ecdsa-sha2-nistp256', u'ssh-ed25519'] client encrypt:[u'aes128-ctr', u'aes192-ctr', u'aes256-ctr', u'aes128-gcm@openssh.com', u'aes256-gcm@openssh.com', u'chacha20-poly1305@openssh.com'] server encrypt:[u'aes128-ctr', u'aes192-ctr', u'aes256-ctr', u'aes128-gcm@openssh.com', u'aes256-gcm@openssh.com', u'chacha20-poly1305@openssh.com'] client mac:[u'umac-64-etm@openssh.com', u'umac-128-etm@openssh.com', u'hmac-sha2-256-etm@openssh.com', u'hmac-sha2-512-etm@openssh.com', u'hmac-sha1-etm@openssh.com', u'umac-64@openssh.com', u'umac-128@openssh.com', u'hmac-sha2-256', u'hmac-sha2-512', u'hmac-sha1'] server mac:[u'umac-64-etm@openssh.com', u'umac-128-etm@openssh.com', u'hmac-sha2-256-etm@openssh.com', u'hmac-sha2-512-etm@openssh.com', u'hmac-sha1-etm@openssh.com', u'umac-64@openssh.com', u'umac-128@openssh.com', u'hmac-sha2-256', u'hmac-sha2-512', u'hmac-sha1'] client compress:[u'none', u'zlib@openssh.com'] server compress:[u'none', u'zlib@openssh.com'] client lang:[u''] server lang:[u''] kex follows?False
DEB [20170825-15:07:49.325] thr=1   paramiko.transport: Kex agreed: ecdh-sha2-nistp256
DEB [20170825-15:07:49.325] thr=1   paramiko.transport: HostKey agreed: ssh-ed25519
DEB [20170825-15:07:49.325] thr=1   paramiko.transport: Cipher agreed: aes128-ctr
DEB [20170825-15:07:49.325] thr=1   paramiko.transport: MAC agreed: hmac-sha2-256
DEB [20170825-15:07:49.325] thr=1   paramiko.transport: Compression agreed: none
DEB [20170825-15:07:49.333] thr=1   paramiko.transport: kex engine KexNistp256 specified hash_algo <built-in function openssl_sha256>
DEB [20170825-15:07:49.333] thr=1   paramiko.transport: Switch to new keys ...
DEB [20170825-15:07:49.350] thr=2   paramiko.transport: Adding ssh-ed25519 host key for [10.253.12.244]:32200: 2197a7c7dea2e05ef5bd810468888afe
DEB [20170825-15:07:49.350] thr=2   paramiko.transport: Trying SSH key da0466ba87e0f880a0c2433d87e5938e
DEB [20170825-15:07:49.380] thr=1   paramiko.transport: userauth is OK
INF [20170825-15:07:49.402] thr=1   paramiko.transport: Authentication (publickey) successful!
DEB [20170825-15:07:49.416] thr=2   paramiko.transport: [chan 0] Max packet in: 32768 bytes
DEB [20170825-15:07:49.418] thr=1   paramiko.transport: [chan 0] Max packet out: 32768 bytes
DEB [20170825-15:07:49.418] thr=1   paramiko.transport: Secsh channel 0 opened.
DEB [20170825-15:07:49.422] thr=1   paramiko.transport: [chan 0] Sesch channel 0 request ok
DEB [20170825-15:07:49.423] thr=2   paramiko.transport: [chan 1] Max packet in: 32768 bytes
DEB [20170825-15:07:49.424] thr=1   paramiko.transport: [chan 0] EOF received (0)
DEB [20170825-15:07:49.425] thr=1   paramiko.transport: [chan 0] EOF sent (0)
DEB [20170825-15:07:49.426] thr=1   paramiko.transport: [chan 1] Max packet out: 32768 bytes
DEB [20170825-15:07:49.426] thr=1   paramiko.transport: Secsh channel 1 opened.
DEB [20170825-15:07:49.469] thr=1   paramiko.transport: [chan 1] Sesch channel 1 request ok
DEB [20170825-15:07:49.488] thr=2   paramiko.transport: [chan 1] EOF sent (1)
DEB [20170825-15:07:49.490] thr=2   paramiko.transport: [chan 2] Max packet in: 32768 bytes
DEB [20170825-15:07:49.492] thr=1   paramiko.transport: [chan 1] EOF received (1)
DEB [20170825-15:07:49.533] thr=1   paramiko.transport: [chan 2] Max packet out: 32768 bytes
DEB [20170825-15:07:49.534] thr=1   paramiko.transport: Secsh channel 2 opened.
DEB [20170825-15:07:49.561] thr=1   paramiko.transport: [chan 2] Sesch channel 2 request ok
DEB [20170825-15:07:49.576] thr=2   paramiko.transport: [chan 2] EOF sent (2)
DEB [20170825-15:07:49.581] thr=1   paramiko.transport: [chan 2] EOF received (2)
DEB [20170825-15:07:49.784] thr=1   paramiko.transport: EOF in transport thread
DEB [20170825-15:10:23.808] thr=1   paramiko.transport: starting thread (client mode): 0xf4ff5290L
DEB [20170825-15:10:23.808] thr=1   paramiko.transport: Local version/idstring: SSH-2.0-paramiko_2.2.1
DEB [20170825-15:10:23.810] thr=1   paramiko.transport: Remote version/idstring: SSH-2.0-OpenSSH_6.7p1 Debian-5+deb8u3
INF [20170825-15:10:23.810] thr=1   paramiko.transport: Connected (version 2.0, client OpenSSH_6.7p1)
DEB [20170825-15:10:23.816] thr=1   paramiko.transport: kex algos:[u'curve25519-sha256@libssh.org', u'ecdh-sha2-nistp256', u'ecdh-sha2-nistp384', u'ecdh-sha2-nistp521', u'diffie-hellman-group-exchange-sha256', u'diffie-hellman-group14-sha1'] server key:[u'ssh-rsa', u'ssh-dss', u'ecdsa-sha2-nistp256', u'ssh-ed25519'] client encrypt:[u'aes128-ctr', u'aes192-ctr', u'aes256-ctr', u'aes128-gcm@openssh.com', u'aes256-gcm@openssh.com', u'chacha20-poly1305@openssh.com'] server encrypt:[u'aes128-ctr', u'aes192-ctr', u'aes256-ctr', u'aes128-gcm@openssh.com', u'aes256-gcm@openssh.com', u'chacha20-poly1305@openssh.com'] client mac:[u'umac-64-etm@openssh.com', u'umac-128-etm@openssh.com', u'hmac-sha2-256-etm@openssh.com', u'hmac-sha2-512-etm@openssh.com', u'hmac-sha1-etm@openssh.com', u'umac-64@openssh.com', u'umac-128@openssh.com', u'hmac-sha2-256', u'hmac-sha2-512', u'hmac-sha1'] server mac:[u'umac-64-etm@openssh.com', u'umac-128-etm@openssh.com', u'hmac-sha2-256-etm@openssh.com', u'hmac-sha2-512-etm@openssh.com', u'hmac-sha1-etm@openssh.com', u'umac-64@openssh.com', u'umac-128@openssh.com', u'hmac-sha2-256', u'hmac-sha2-512', u'hmac-sha1'] client compress:[u'none', u'zlib@openssh.com'] server compress:[u'none', u'zlib@openssh.com'] client lang:[u''] server lang:[u''] kex follows?False
DEB [20170825-15:10:23.816] thr=1   paramiko.transport: Kex agreed: ecdh-sha2-nistp256
DEB [20170825-15:10:23.816] thr=1   paramiko.transport: HostKey agreed: ssh-ed25519
DEB [20170825-15:10:23.816] thr=1   paramiko.transport: Cipher agreed: aes128-ctr
DEB [20170825-15:10:23.816] thr=1   paramiko.transport: MAC agreed: hmac-sha2-256
DEB [20170825-15:10:23.816] thr=1   paramiko.transport: Compression agreed: none
DEB [20170825-15:10:23.824] thr=1   paramiko.transport: kex engine KexNistp256 specified hash_algo <built-in function openssl_sha256>
DEB [20170825-15:10:23.824] thr=1   paramiko.transport: Switch to new keys ...
DEB [20170825-15:10:23.841] thr=2   paramiko.transport: Adding ssh-ed25519 host key for [10.253.12.244]:32200: 2197a7c7dea2e05ef5bd810468888afe
DEB [20170825-15:10:23.842] thr=2   paramiko.transport: Trying SSH key da0466ba87e0f880a0c2433d87e5938e
DEB [20170825-15:10:23.864] thr=1   paramiko.transport: userauth is OK
INF [20170825-15:10:23.889] thr=1   paramiko.transport: Authentication (publickey) successful!
DEB [20170825-15:10:23.908] thr=2   paramiko.transport: [chan 0] Max packet in: 32768 bytes
DEB [20170825-15:10:23.911] thr=1   paramiko.transport: [chan 0] Max packet out: 32768 bytes
DEB [20170825-15:10:23.912] thr=1   paramiko.transport: Secsh channel 0 opened.
DEB [20170825-15:10:23.916] thr=1   paramiko.transport: [chan 0] Sesch channel 0 request ok
DEB [20170825-15:10:23.917] thr=2   paramiko.transport: [chan 1] Max packet in: 32768 bytes
DEB [20170825-15:10:23.919] thr=1   paramiko.transport: [chan 0] EOF received (0)
DEB [20170825-15:10:23.920] thr=1   paramiko.transport: [chan 0] EOF sent (0)
DEB [20170825-15:10:23.921] thr=1   paramiko.transport: [chan 1] Max packet out: 32768 bytes
DEB [20170825-15:10:23.921] thr=1   paramiko.transport: Secsh channel 1 opened.
DEB [20170825-15:10:23.961] thr=1   paramiko.transport: [chan 1] Sesch channel 1 request ok
DEB [20170825-15:10:23.979] thr=2   paramiko.transport: [chan 1] EOF sent (1)
DEB [20170825-15:10:23.981] thr=2   paramiko.transport: [chan 2] Max packet in: 32768 bytes
DEB [20170825-15:10:23.982] thr=1   paramiko.transport: [chan 1] EOF received (1)
DEB [20170825-15:10:23.985] thr=1   paramiko.transport: [chan 2] Max packet out: 32768 bytes
DEB [20170825-15:10:23.985] thr=1   paramiko.transport: Secsh channel 2 opened.
DEB [20170825-15:10:23.991] thr=1   paramiko.transport: [chan 2] Sesch channel 2 request ok
DEB [20170825-15:10:24.004] thr=2   paramiko.transport: [chan 2] EOF sent (2)
DEB [20170825-15:10:24.009] thr=1   paramiko.transport: [chan 2] EOF received (2)
DEB [20170825-15:10:24.061] thr=2   paramiko.transport: [chan 3] Max packet in: 32768 bytes
DEB [20170825-15:10:24.065] thr=1   paramiko.transport: [chan 3] Max packet out: 32768 bytes
DEB [20170825-15:10:24.065] thr=1   paramiko.transport: Secsh channel 3 opened.
DEB [20170825-15:10:24.070] thr=1   paramiko.transport: [chan 3] Sesch channel 3 request ok
DEB [20170825-15:10:24.072] thr=2   paramiko.transport: [chan 4] Max packet in: 32768 bytes
DEB [20170825-15:10:24.074] thr=1   paramiko.transport: [chan 3] EOF received (3)
DEB [20170825-15:10:24.076] thr=1   paramiko.transport: [chan 3] EOF sent (3)
DEB [20170825-15:10:24.081] thr=1   paramiko.transport: [chan 4] Max packet out: 32768 bytes
DEB [20170825-15:10:24.081] thr=1   paramiko.transport: Secsh channel 4 opened.
DEB [20170825-15:10:24.122] thr=1   paramiko.transport: [chan 4] Sesch channel 4 request ok
DEB [20170825-15:10:24.549] thr=1   paramiko.transport: [chan 4] EOF received (4)
DEB [20170825-15:11:10.069] thr=1   paramiko.transport: starting thread (client mode): 0x8ee85290L
DEB [20170825-15:11:10.069] thr=1   paramiko.transport: Local version/idstring: SSH-2.0-paramiko_2.2.1
DEB [20170825-15:11:10.071] thr=1   paramiko.transport: Remote version/idstring: SSH-2.0-OpenSSH_6.7p1 Debian-5+deb8u3
INF [20170825-15:11:10.071] thr=1   paramiko.transport: Connected (version 2.0, client OpenSSH_6.7p1)
DEB [20170825-15:11:10.076] thr=1   paramiko.transport: kex algos:[u'curve25519-sha256@libssh.org', u'ecdh-sha2-nistp256', u'ecdh-sha2-nistp384', u'ecdh-sha2-nistp521', u'diffie-hellman-group-exchange-sha256', u'diffie-hellman-group14-sha1'] server key:[u'ssh-rsa', u'ssh-dss', u'ecdsa-sha2-nistp256', u'ssh-ed25519'] client encrypt:[u'aes128-ctr', u'aes192-ctr', u'aes256-ctr', u'aes128-gcm@openssh.com', u'aes256-gcm@openssh.com', u'chacha20-poly1305@openssh.com'] server encrypt:[u'aes128-ctr', u'aes192-ctr', u'aes256-ctr', u'aes128-gcm@openssh.com', u'aes256-gcm@openssh.com', u'chacha20-poly1305@openssh.com'] client mac:[u'umac-64-etm@openssh.com', u'umac-128-etm@openssh.com', u'hmac-sha2-256-etm@openssh.com', u'hmac-sha2-512-etm@openssh.com', u'hmac-sha1-etm@openssh.com', u'umac-64@openssh.com', u'umac-128@openssh.com', u'hmac-sha2-256', u'hmac-sha2-512', u'hmac-sha1'] server mac:[u'umac-64-etm@openssh.com', u'umac-128-etm@openssh.com', u'hmac-sha2-256-etm@openssh.com', u'hmac-sha2-512-etm@openssh.com', u'hmac-sha1-etm@openssh.com', u'umac-64@openssh.com', u'umac-128@openssh.com', u'hmac-sha2-256', u'hmac-sha2-512', u'hmac-sha1'] client compress:[u'none', u'zlib@openssh.com'] server compress:[u'none', u'zlib@openssh.com'] client lang:[u''] server lang:[u''] kex follows?False
DEB [20170825-15:11:10.076] thr=1   paramiko.transport: Kex agreed: ecdh-sha2-nistp256
DEB [20170825-15:11:10.076] thr=1   paramiko.transport: HostKey agreed: ssh-ed25519
DEB [20170825-15:11:10.076] thr=1   paramiko.transport: Cipher agreed: aes128-ctr
DEB [20170825-15:11:10.076] thr=1   paramiko.transport: MAC agreed: hmac-sha2-256
DEB [20170825-15:11:10.076] thr=1   paramiko.transport: Compression agreed: none
DEB [20170825-15:11:10.083] thr=1   paramiko.transport: kex engine KexNistp256 specified hash_algo <built-in function openssl_sha256>
DEB [20170825-15:11:10.084] thr=1   paramiko.transport: Switch to new keys ...
DEB [20170825-15:11:10.085] thr=2   paramiko.transport: Adding ssh-ed25519 host key for [10.253.12.244]:32200: 2197a7c7dea2e05ef5bd810468888afe
DEB [20170825-15:11:10.086] thr=2   paramiko.transport: Trying SSH key da0466ba87e0f880a0c2433d87e5938e
DEB [20170825-15:11:10.124] thr=1   paramiko.transport: userauth is OK
INF [20170825-15:11:10.147] thr=1   paramiko.transport: Authentication (publickey) successful!
DEB [20170825-15:11:10.152] thr=2   paramiko.transport: [chan 0] Max packet in: 32768 bytes
DEB [20170825-15:11:10.155] thr=1   paramiko.transport: [chan 0] Max packet out: 32768 bytes
DEB [20170825-15:11:10.155] thr=1   paramiko.transport: Secsh channel 0 opened.
DEB [20170825-15:11:10.160] thr=1   paramiko.transport: [chan 0] Sesch channel 0 request ok
DEB [20170825-15:11:10.161] thr=2   paramiko.transport: [chan 1] Max packet in: 32768 bytes
DEB [20170825-15:11:10.162] thr=1   paramiko.transport: [chan 0] EOF received (0)
DEB [20170825-15:11:10.164] thr=1   paramiko.transport: [chan 0] EOF sent (0)
DEB [20170825-15:11:10.165] thr=1   paramiko.transport: [chan 1] Max packet out: 32768 bytes
DEB [20170825-15:11:10.165] thr=1   paramiko.transport: Secsh channel 1 opened.
DEB [20170825-15:11:10.208] thr=1   paramiko.transport: [chan 1] Sesch channel 1 request ok
DEB [20170825-15:11:10.226] thr=2   paramiko.transport: [chan 1] EOF sent (1)
DEB [20170825-15:11:10.228] thr=2   paramiko.transport: [chan 2] Max packet in: 32768 bytes
DEB [20170825-15:11:10.229] thr=1   paramiko.transport: [chan 1] EOF received (1)
DEB [20170825-15:11:10.231] thr=1   paramiko.transport: [chan 2] Max packet out: 32768 bytes
DEB [20170825-15:11:10.232] thr=1   paramiko.transport: Secsh channel 2 opened.
DEB [20170825-15:11:10.238] thr=1   paramiko.transport: [chan 2] Sesch channel 2 request ok
DEB [20170825-15:11:10.252] thr=2   paramiko.transport: [chan 2] EOF sent (2)
DEB [20170825-15:11:10.256] thr=1   paramiko.transport: [chan 2] EOF received (2)
DEB [20170825-15:11:10.299] thr=2   paramiko.transport: [chan 3] Max packet in: 32768 bytes
DEB [20170825-15:11:10.303] thr=1   paramiko.transport: [chan 3] Max packet out: 32768 bytes
DEB [20170825-15:11:10.304] thr=1   paramiko.transport: Secsh channel 3 opened.
DEB [20170825-15:11:10.314] thr=1   paramiko.transport: [chan 3] Sesch channel 3 request ok
DEB [20170825-15:11:10.316] thr=1   paramiko.transport: [chan 3] EOF received (3)
DEB [20170825-15:11:10.317] thr=2   paramiko.transport: [chan 4] Max packet in: 32768 bytes
DEB [20170825-15:11:10.319] thr=1   paramiko.transport: [chan 3] EOF sent (3)
DEB [20170825-15:11:10.337] thr=1   paramiko.transport: [chan 4] Max packet out: 32768 bytes
DEB [20170825-15:11:10.338] thr=1   paramiko.transport: Secsh channel 4 opened.
DEB [20170825-15:11:10.377] thr=1   paramiko.transport: [chan 4] Sesch channel 4 request ok
DEB [20170825-15:11:10.800] thr=1   paramiko.transport: [chan 4] EOF received (4)
DEB [20170825-15:14:59.448] thr=1   paramiko.transport: starting thread (client mode): 0x498d5250L
DEB [20170825-15:14:59.449] thr=1   paramiko.transport: Local version/idstring: SSH-2.0-paramiko_2.2.1
DEB [20170825-15:14:59.450] thr=1   paramiko.transport: Remote version/idstring: SSH-2.0-OpenSSH_6.7p1 Debian-5+deb8u3
INF [20170825-15:14:59.450] thr=1   paramiko.transport: Connected (version 2.0, client OpenSSH_6.7p1)
DEB [20170825-15:14:59.455] thr=1   paramiko.transport: kex algos:[u'curve25519-sha256@libssh.org', u'ecdh-sha2-nistp256', u'ecdh-sha2-nistp384', u'ecdh-sha2-nistp521', u'diffie-hellman-group-exchange-sha256', u'diffie-hellman-group14-sha1'] server key:[u'ssh-rsa', u'ssh-dss', u'ecdsa-sha2-nistp256', u'ssh-ed25519'] client encrypt:[u'aes128-ctr', u'aes192-ctr', u'aes256-ctr', u'aes128-gcm@openssh.com', u'aes256-gcm@openssh.com', u'chacha20-poly1305@openssh.com'] server encrypt:[u'aes128-ctr', u'aes192-ctr', u'aes256-ctr', u'aes128-gcm@openssh.com', u'aes256-gcm@openssh.com', u'chacha20-poly1305@openssh.com'] client mac:[u'umac-64-etm@openssh.com', u'umac-128-etm@openssh.com', u'hmac-sha2-256-etm@openssh.com', u'hmac-sha2-512-etm@openssh.com', u'hmac-sha1-etm@openssh.com', u'umac-64@openssh.com', u'umac-128@openssh.com', u'hmac-sha2-256', u'hmac-sha2-512', u'hmac-sha1'] server mac:[u'umac-64-etm@openssh.com', u'umac-128-etm@openssh.com', u'hmac-sha2-256-etm@openssh.com', u'hmac-sha2-512-etm@openssh.com', u'hmac-sha1-etm@openssh.com', u'umac-64@openssh.com', u'umac-128@openssh.com', u'hmac-sha2-256', u'hmac-sha2-512', u'hmac-sha1'] client compress:[u'none', u'zlib@openssh.com'] server compress:[u'none', u'zlib@openssh.com'] client lang:[u''] server lang:[u''] kex follows?False
DEB [20170825-15:14:59.455] thr=1   paramiko.transport: Kex agreed: ecdh-sha2-nistp256
DEB [20170825-15:14:59.455] thr=1   paramiko.transport: HostKey agreed: ssh-ed25519
DEB [20170825-15:14:59.456] thr=1   paramiko.transport: Cipher agreed: aes128-ctr
DEB [20170825-15:14:59.456] thr=1   paramiko.transport: MAC agreed: hmac-sha2-256
DEB [20170825-15:14:59.456] thr=1   paramiko.transport: Compression agreed: none
DEB [20170825-15:14:59.462] thr=1   paramiko.transport: kex engine KexNistp256 specified hash_algo <built-in function openssl_sha256>
DEB [20170825-15:14:59.463] thr=1   paramiko.transport: Switch to new keys ...
DEB [20170825-15:14:59.465] thr=2   paramiko.transport: Adding ssh-ed25519 host key for [10.253.12.244]:32200: 2197a7c7dea2e05ef5bd810468888afe
DEB [20170825-15:14:59.466] thr=2   paramiko.transport: Trying SSH key da0466ba87e0f880a0c2433d87e5938e
DEB [20170825-15:14:59.502] thr=1   paramiko.transport: userauth is OK
INF [20170825-15:14:59.516] thr=1   paramiko.transport: Authentication (publickey) successful!
DEB [20170825-15:14:59.532] thr=2   paramiko.transport: [chan 0] Max packet in: 32768 bytes
DEB [20170825-15:14:59.535] thr=1   paramiko.transport: [chan 0] Max packet out: 32768 bytes
DEB [20170825-15:14:59.536] thr=1   paramiko.transport: Secsh channel 0 opened.
DEB [20170825-15:14:59.541] thr=1   paramiko.transport: [chan 0] Sesch channel 0 request ok
DEB [20170825-15:14:59.542] thr=2   paramiko.transport: [chan 1] Max packet in: 32768 bytes
DEB [20170825-15:14:59.544] thr=1   paramiko.transport: [chan 0] EOF received (0)
DEB [20170825-15:14:59.545] thr=1   paramiko.transport: [chan 0] EOF sent (0)
DEB [20170825-15:14:59.547] thr=1   paramiko.transport: [chan 1] Max packet out: 32768 bytes
DEB [20170825-15:14:59.547] thr=1   paramiko.transport: Secsh channel 1 opened.
DEB [20170825-15:14:59.587] thr=1   paramiko.transport: [chan 1] Sesch channel 1 request ok
DEB [20170825-15:14:59.605] thr=2   paramiko.transport: [chan 1] EOF sent (1)
DEB [20170825-15:14:59.607] thr=2   paramiko.transport: [chan 2] Max packet in: 32768 bytes
DEB [20170825-15:14:59.608] thr=1   paramiko.transport: [chan 1] EOF received (1)
DEB [20170825-15:14:59.610] thr=1   paramiko.transport: [chan 2] Max packet out: 32768 bytes
DEB [20170825-15:14:59.610] thr=1   paramiko.transport: Secsh channel 2 opened.
DEB [20170825-15:14:59.615] thr=1   paramiko.transport: [chan 2] Sesch channel 2 request ok
DEB [20170825-15:14:59.632] thr=2   paramiko.transport: [chan 2] EOF sent (2)
DEB [20170825-15:14:59.637] thr=1   paramiko.transport: [chan 2] EOF received (2)
DEB [20170825-15:14:59.669] thr=2   paramiko.transport: [chan 3] Max packet in: 32768 bytes
DEB [20170825-15:14:59.679] thr=1   paramiko.transport: [chan 3] Max packet out: 32768 bytes
DEB [20170825-15:14:59.679] thr=1   paramiko.transport: Secsh channel 3 opened.
DEB [20170825-15:14:59.689] thr=1   paramiko.transport: [chan 3] Sesch channel 3 request ok
DEB [20170825-15:14:59.692] thr=1   paramiko.transport: [chan 3] EOF received (3)
DEB [20170825-15:14:59.692] thr=2   paramiko.transport: [chan 4] Max packet in: 32768 bytes
DEB [20170825-15:14:59.693] thr=1   paramiko.transport: [chan 3] EOF sent (3)
DEB [20170825-15:14:59.695] thr=1   paramiko.transport: [chan 4] Max packet out: 32768 bytes
DEB [20170825-15:14:59.695] thr=1   paramiko.transport: Secsh channel 4 opened.
DEB [20170825-15:14:59.739] thr=1   paramiko.transport: [chan 4] Sesch channel 4 request ok
DEB [20170825-15:15:00.172] thr=1   paramiko.transport: [chan 4] EOF received (4)
DEB [20170825-15:15:26.449] thr=1   paramiko.transport: starting thread (client mode): 0xf1ff5250L
DEB [20170825-15:15:26.450] thr=1   paramiko.transport: Local version/idstring: SSH-2.0-paramiko_2.2.1
DEB [20170825-15:15:26.451] thr=1   paramiko.transport: Remote version/idstring: SSH-2.0-OpenSSH_6.7p1 Debian-5+deb8u3
INF [20170825-15:15:26.451] thr=1   paramiko.transport: Connected (version 2.0, client OpenSSH_6.7p1)
DEB [20170825-15:15:26.457] thr=1   paramiko.transport: kex algos:[u'curve25519-sha256@libssh.org', u'ecdh-sha2-nistp256', u'ecdh-sha2-nistp384', u'ecdh-sha2-nistp521', u'diffie-hellman-group-exchange-sha256', u'diffie-hellman-group14-sha1'] server key:[u'ssh-rsa', u'ssh-dss', u'ecdsa-sha2-nistp256', u'ssh-ed25519'] client encrypt:[u'aes128-ctr', u'aes192-ctr', u'aes256-ctr', u'aes128-gcm@openssh.com', u'aes256-gcm@openssh.com', u'chacha20-poly1305@openssh.com'] server encrypt:[u'aes128-ctr', u'aes192-ctr', u'aes256-ctr', u'aes128-gcm@openssh.com', u'aes256-gcm@openssh.com', u'chacha20-poly1305@openssh.com'] client mac:[u'umac-64-etm@openssh.com', u'umac-128-etm@openssh.com', u'hmac-sha2-256-etm@openssh.com', u'hmac-sha2-512-etm@openssh.com', u'hmac-sha1-etm@openssh.com', u'umac-64@openssh.com', u'umac-128@openssh.com', u'hmac-sha2-256', u'hmac-sha2-512', u'hmac-sha1'] server mac:[u'umac-64-etm@openssh.com', u'umac-128-etm@openssh.com', u'hmac-sha2-256-etm@openssh.com', u'hmac-sha2-512-etm@openssh.com', u'hmac-sha1-etm@openssh.com', u'umac-64@openssh.com', u'umac-128@openssh.com', u'hmac-sha2-256', u'hmac-sha2-512', u'hmac-sha1'] client compress:[u'none', u'zlib@openssh.com'] server compress:[u'none', u'zlib@openssh.com'] client lang:[u''] server lang:[u''] kex follows?False
DEB [20170825-15:15:26.457] thr=1   paramiko.transport: Kex agreed: ecdh-sha2-nistp256
DEB [20170825-15:15:26.457] thr=1   paramiko.transport: HostKey agreed: ssh-ed25519
DEB [20170825-15:15:26.457] thr=1   paramiko.transport: Cipher agreed: aes128-ctr
DEB [20170825-15:15:26.457] thr=1   paramiko.transport: MAC agreed: hmac-sha2-256
DEB [20170825-15:15:26.457] thr=1   paramiko.transport: Compression agreed: none
DEB [20170825-15:15:26.464] thr=1   paramiko.transport: kex engine KexNistp256 specified hash_algo <built-in function openssl_sha256>
DEB [20170825-15:15:26.465] thr=1   paramiko.transport: Switch to new keys ...
DEB [20170825-15:15:26.466] thr=2   paramiko.transport: Adding ssh-ed25519 host key for [10.253.12.244]:32200: 2197a7c7dea2e05ef5bd810468888afe
DEB [20170825-15:15:26.467] thr=2   paramiko.transport: Trying SSH key da0466ba87e0f880a0c2433d87e5938e
DEB [20170825-15:15:26.506] thr=1   paramiko.transport: userauth is OK
INF [20170825-15:15:26.519] thr=1   paramiko.transport: Authentication (publickey) successful!
DEB [20170825-15:15:26.533] thr=2   paramiko.transport: [chan 0] Max packet in: 32768 bytes
DEB [20170825-15:15:26.535] thr=1   paramiko.transport: [chan 0] Max packet out: 32768 bytes
DEB [20170825-15:15:26.535] thr=1   paramiko.transport: Secsh channel 0 opened.
DEB [20170825-15:15:26.539] thr=1   paramiko.transport: [chan 0] Sesch channel 0 request ok
DEB [20170825-15:15:26.540] thr=2   paramiko.transport: [chan 1] Max packet in: 32768 bytes
DEB [20170825-15:15:26.541] thr=1   paramiko.transport: [chan 0] EOF received (0)
DEB [20170825-15:15:26.542] thr=1   paramiko.transport: [chan 0] EOF sent (0)
DEB [20170825-15:15:26.542] thr=1   paramiko.transport: [chan 1] Max packet out: 32768 bytes
DEB [20170825-15:15:26.543] thr=1   paramiko.transport: Secsh channel 1 opened.
DEB [20170825-15:15:26.582] thr=1   paramiko.transport: [chan 1] Sesch channel 1 request ok
DEB [20170825-15:15:26.598] thr=2   paramiko.transport: [chan 1] EOF sent (1)
DEB [20170825-15:15:26.599] thr=2   paramiko.transport: [chan 2] Max packet in: 32768 bytes
DEB [20170825-15:15:26.600] thr=1   paramiko.transport: [chan 1] EOF received (1)
DEB [20170825-15:15:26.602] thr=1   paramiko.transport: [chan 2] Max packet out: 32768 bytes
DEB [20170825-15:15:26.602] thr=1   paramiko.transport: Secsh channel 2 opened.
DEB [20170825-15:15:26.605] thr=1   paramiko.transport: [chan 2] Sesch channel 2 request ok
DEB [20170825-15:15:26.621] thr=2   paramiko.transport: [chan 2] EOF sent (2)
DEB [20170825-15:15:26.624] thr=1   paramiko.transport: [chan 2] EOF received (2)
DEB [20170825-15:15:26.630] thr=2   paramiko.transport: [chan 3] Max packet in: 32768 bytes
DEB [20170825-15:15:26.666] thr=1   paramiko.transport: [chan 3] Max packet out: 32768 bytes
DEB [20170825-15:15:26.666] thr=1   paramiko.transport: Secsh channel 3 opened.
DEB [20170825-15:15:26.698] thr=1   paramiko.transport: [chan 3] Sesch channel 3 request ok
DEB [20170825-15:15:26.700] thr=1   paramiko.transport: [chan 3] EOF received (3)
DEB [20170825-15:15:26.700] thr=1   paramiko.transport: [chan 3] EOF sent (3)
DEB [20170825-15:15:26.705] thr=2   paramiko.transport: [chan 4] Max packet in: 32768 bytes
DEB [20170825-15:15:26.742] thr=1   paramiko.transport: [chan 4] Max packet out: 32768 bytes
DEB [20170825-15:15:26.742] thr=1   paramiko.transport: Secsh channel 4 opened.
DEB [20170825-15:15:26.773] thr=1   paramiko.transport: [chan 4] Sesch channel 4 request ok
DEB [20170825-15:15:27.195] thr=1   paramiko.transport: [chan 4] EOF received (4)
DEB [20170825-15:15:47.544] thr=1   paramiko.transport: starting thread (client mode): 0xf4f55250L
DEB [20170825-15:15:47.545] thr=1   paramiko.transport: Local version/idstring: SSH-2.0-paramiko_2.2.1
DEB [20170825-15:15:47.546] thr=1   paramiko.transport: Remote version/idstring: SSH-2.0-OpenSSH_6.7p1 Debian-5+deb8u3
INF [20170825-15:15:47.546] thr=1   paramiko.transport: Connected (version 2.0, client OpenSSH_6.7p1)
DEB [20170825-15:15:47.551] thr=1   paramiko.transport: kex algos:[u'curve25519-sha256@libssh.org', u'ecdh-sha2-nistp256', u'ecdh-sha2-nistp384', u'ecdh-sha2-nistp521', u'diffie-hellman-group-exchange-sha256', u'diffie-hellman-group14-sha1'] server key:[u'ssh-rsa', u'ssh-dss', u'ecdsa-sha2-nistp256', u'ssh-ed25519'] client encrypt:[u'aes128-ctr', u'aes192-ctr', u'aes256-ctr', u'aes128-gcm@openssh.com', u'aes256-gcm@openssh.com', u'chacha20-poly1305@openssh.com'] server encrypt:[u'aes128-ctr', u'aes192-ctr', u'aes256-ctr', u'aes128-gcm@openssh.com', u'aes256-gcm@openssh.com', u'chacha20-poly1305@openssh.com'] client mac:[u'umac-64-etm@openssh.com', u'umac-128-etm@openssh.com', u'hmac-sha2-256-etm@openssh.com', u'hmac-sha2-512-etm@openssh.com', u'hmac-sha1-etm@openssh.com', u'umac-64@openssh.com', u'umac-128@openssh.com', u'hmac-sha2-256', u'hmac-sha2-512', u'hmac-sha1'] server mac:[u'umac-64-etm@openssh.com', u'umac-128-etm@openssh.com', u'hmac-sha2-256-etm@openssh.com', u'hmac-sha2-512-etm@openssh.com', u'hmac-sha1-etm@openssh.com', u'umac-64@openssh.com', u'umac-128@openssh.com', u'hmac-sha2-256', u'hmac-sha2-512', u'hmac-sha1'] client compress:[u'none', u'zlib@openssh.com'] server compress:[u'none', u'zlib@openssh.com'] client lang:[u''] server lang:[u''] kex follows?False
DEB [20170825-15:15:47.552] thr=1   paramiko.transport: Kex agreed: ecdh-sha2-nistp256
DEB [20170825-15:15:47.552] thr=1   paramiko.transport: HostKey agreed: ssh-ed25519
DEB [20170825-15:15:47.552] thr=1   paramiko.transport: Cipher agreed: aes128-ctr
DEB [20170825-15:15:47.552] thr=1   paramiko.transport: MAC agreed: hmac-sha2-256
DEB [20170825-15:15:47.552] thr=1   paramiko.transport: Compression agreed: none
DEB [20170825-15:15:47.560] thr=1   paramiko.transport: kex engine KexNistp256 specified hash_algo <built-in function openssl_sha256>
DEB [20170825-15:15:47.560] thr=1   paramiko.transport: Switch to new keys ...
DEB [20170825-15:15:47.560] thr=2   paramiko.transport: Adding ssh-ed25519 host key for [10.253.12.244]:32200: 2197a7c7dea2e05ef5bd810468888afe
DEB [20170825-15:15:47.561] thr=2   paramiko.transport: Trying SSH key da0466ba87e0f880a0c2433d87e5938e
DEB [20170825-15:15:47.602] thr=1   paramiko.transport: userauth is OK
INF [20170825-15:15:47.618] thr=1   paramiko.transport: Authentication (publickey) successful!
DEB [20170825-15:15:47.626] thr=2   paramiko.transport: [chan 0] Max packet in: 32768 bytes
DEB [20170825-15:15:47.629] thr=1   paramiko.transport: [chan 0] Max packet out: 32768 bytes
DEB [20170825-15:15:47.629] thr=1   paramiko.transport: Secsh channel 0 opened.
DEB [20170825-15:15:47.633] thr=1   paramiko.transport: [chan 0] Sesch channel 0 request ok
DEB [20170825-15:15:47.634] thr=2   paramiko.transport: [chan 1] Max packet in: 32768 bytes
DEB [20170825-15:15:47.635] thr=1   paramiko.transport: [chan 0] EOF received (0)
DEB [20170825-15:15:47.636] thr=1   paramiko.transport: [chan 0] EOF sent (0)
DEB [20170825-15:15:47.637] thr=1   paramiko.transport: [chan 1] Max packet out: 32768 bytes
DEB [20170825-15:15:47.637] thr=1   paramiko.transport: Secsh channel 1 opened.
DEB [20170825-15:15:47.680] thr=1   paramiko.transport: [chan 1] Sesch channel 1 request ok
DEB [20170825-15:15:47.699] thr=2   paramiko.transport: [chan 1] EOF sent (1)
DEB [20170825-15:15:47.701] thr=2   paramiko.transport: [chan 2] Max packet in: 32768 bytes
DEB [20170825-15:15:47.702] thr=1   paramiko.transport: [chan 1] EOF received (1)
DEB [20170825-15:15:47.743] thr=1   paramiko.transport: [chan 2] Max packet out: 32768 bytes
DEB [20170825-15:15:47.744] thr=1   paramiko.transport: Secsh channel 2 opened.
DEB [20170825-15:15:47.772] thr=1   paramiko.transport: [chan 2] Sesch channel 2 request ok
DEB [20170825-15:15:47.787] thr=2   paramiko.transport: [chan 2] EOF sent (2)
DEB [20170825-15:15:47.793] thr=1   paramiko.transport: [chan 2] EOF received (2)
DEB [20170825-15:15:47.851] thr=2   paramiko.transport: [chan 3] Max packet in: 32768 bytes
DEB [20170825-15:15:47.855] thr=1   paramiko.transport: [chan 3] Max packet out: 32768 bytes
DEB [20170825-15:15:47.856] thr=1   paramiko.transport: Secsh channel 3 opened.
DEB [20170825-15:15:47.860] thr=1   paramiko.transport: [chan 3] Sesch channel 3 request ok
DEB [20170825-15:15:48.767] thr=1   paramiko.transport: [chan 3] EOF received (3)
DEB [20170825-15:15:48.768] thr=1   paramiko.transport: [chan 3] EOF sent (3)
DEB [20170825-15:15:49.171] thr=1   paramiko.transport: EOF in transport thread
DEB [20170825-15:17:17.553] thr=1   paramiko.transport: starting thread (client mode): 0x88bf5250L
DEB [20170825-15:17:17.554] thr=1   paramiko.transport: Local version/idstring: SSH-2.0-paramiko_2.2.1
DEB [20170825-15:17:17.555] thr=1   paramiko.transport: Remote version/idstring: SSH-2.0-OpenSSH_6.7p1 Debian-5+deb8u3
INF [20170825-15:17:17.555] thr=1   paramiko.transport: Connected (version 2.0, client OpenSSH_6.7p1)
DEB [20170825-15:17:17.560] thr=1   paramiko.transport: kex algos:[u'curve25519-sha256@libssh.org', u'ecdh-sha2-nistp256', u'ecdh-sha2-nistp384', u'ecdh-sha2-nistp521', u'diffie-hellman-group-exchange-sha256', u'diffie-hellman-group14-sha1'] server key:[u'ssh-rsa', u'ssh-dss', u'ecdsa-sha2-nistp256', u'ssh-ed25519'] client encrypt:[u'aes128-ctr', u'aes192-ctr', u'aes256-ctr', u'aes128-gcm@openssh.com', u'aes256-gcm@openssh.com', u'chacha20-poly1305@openssh.com'] server encrypt:[u'aes128-ctr', u'aes192-ctr', u'aes256-ctr', u'aes128-gcm@openssh.com', u'aes256-gcm@openssh.com', u'chacha20-poly1305@openssh.com'] client mac:[u'umac-64-etm@openssh.com', u'umac-128-etm@openssh.com', u'hmac-sha2-256-etm@openssh.com', u'hmac-sha2-512-etm@openssh.com', u'hmac-sha1-etm@openssh.com', u'umac-64@openssh.com', u'umac-128@openssh.com', u'hmac-sha2-256', u'hmac-sha2-512', u'hmac-sha1'] server mac:[u'umac-64-etm@openssh.com', u'umac-128-etm@openssh.com', u'hmac-sha2-256-etm@openssh.com', u'hmac-sha2-512-etm@openssh.com', u'hmac-sha1-etm@openssh.com', u'umac-64@openssh.com', u'umac-128@openssh.com', u'hmac-sha2-256', u'hmac-sha2-512', u'hmac-sha1'] client compress:[u'none', u'zlib@openssh.com'] server compress:[u'none', u'zlib@openssh.com'] client lang:[u''] server lang:[u''] kex follows?False
DEB [20170825-15:17:17.560] thr=1   paramiko.transport: Kex agreed: ecdh-sha2-nistp256
DEB [20170825-15:17:17.560] thr=1   paramiko.transport: HostKey agreed: ssh-ed25519
DEB [20170825-15:17:17.560] thr=1   paramiko.transport: Cipher agreed: aes128-ctr
DEB [20170825-15:17:17.560] thr=1   paramiko.transport: MAC agreed: hmac-sha2-256
DEB [20170825-15:17:17.560] thr=1   paramiko.transport: Compression agreed: none
DEB [20170825-15:17:17.568] thr=1   paramiko.transport: kex engine KexNistp256 specified hash_algo <built-in function openssl_sha256>
DEB [20170825-15:17:17.568] thr=1   paramiko.transport: Switch to new keys ...
DEB [20170825-15:17:17.570] thr=2   paramiko.transport: Adding ssh-ed25519 host key for [10.253.12.244]:32200: 2197a7c7dea2e05ef5bd810468888afe
DEB [20170825-15:17:17.570] thr=2   paramiko.transport: Trying SSH key da0466ba87e0f880a0c2433d87e5938e
DEB [20170825-15:17:17.611] thr=1   paramiko.transport: userauth is OK
INF [20170825-15:17:17.626] thr=1   paramiko.transport: Authentication (publickey) successful!
DEB [20170825-15:17:17.636] thr=2   paramiko.transport: [chan 0] Max packet in: 32768 bytes
DEB [20170825-15:17:17.640] thr=1   paramiko.transport: [chan 0] Max packet out: 32768 bytes
DEB [20170825-15:17:17.640] thr=1   paramiko.transport: Secsh channel 0 opened.
DEB [20170825-15:17:17.644] thr=1   paramiko.transport: [chan 0] Sesch channel 0 request ok
DEB [20170825-15:17:17.645] thr=2   paramiko.transport: [chan 1] Max packet in: 32768 bytes
DEB [20170825-15:17:17.647] thr=1   paramiko.transport: [chan 0] EOF received (0)
DEB [20170825-15:17:17.648] thr=1   paramiko.transport: [chan 0] EOF sent (0)
DEB [20170825-15:17:17.649] thr=1   paramiko.transport: [chan 1] Max packet out: 32768 bytes
DEB [20170825-15:17:17.650] thr=1   paramiko.transport: Secsh channel 1 opened.
DEB [20170825-15:17:17.692] thr=1   paramiko.transport: [chan 1] Sesch channel 1 request ok
DEB [20170825-15:17:17.709] thr=2   paramiko.transport: [chan 1] EOF sent (1)
DEB [20170825-15:17:17.710] thr=2   paramiko.transport: [chan 2] Max packet in: 32768 bytes
DEB [20170825-15:17:17.712] thr=1   paramiko.transport: [chan 1] EOF received (1)
DEB [20170825-15:17:17.713] thr=1   paramiko.transport: [chan 2] Max packet out: 32768 bytes
DEB [20170825-15:17:17.714] thr=1   paramiko.transport: Secsh channel 2 opened.
DEB [20170825-15:17:17.718] thr=1   paramiko.transport: [chan 2] Sesch channel 2 request ok
DEB [20170825-15:17:17.731] thr=2   paramiko.transport: [chan 2] EOF sent (2)
DEB [20170825-15:17:17.736] thr=1   paramiko.transport: [chan 2] EOF received (2)
DEB [20170825-15:17:17.756] thr=2   paramiko.transport: [chan 3] Max packet in: 32768 bytes
DEB [20170825-15:17:17.777] thr=1   paramiko.transport: [chan 3] Max packet out: 32768 bytes
DEB [20170825-15:17:17.777] thr=1   paramiko.transport: Secsh channel 3 opened.
DEB [20170825-15:17:17.794] thr=1   paramiko.transport: [chan 3] Sesch channel 3 request ok
DEB [20170825-15:17:18.990] thr=1   paramiko.transport: [chan 3] EOF received (3)
DEB [20170825-15:17:18.992] thr=1   paramiko.transport: [chan 3] EOF sent (3)
DEB [20170825-15:17:19.698] thr=1   paramiko.transport: EOF in transport thread
DEB [20170825-15:17:32.547] thr=1   paramiko.transport: starting thread (client mode): 0x1d845250L
DEB [20170825-15:17:32.547] thr=1   paramiko.transport: Local version/idstring: SSH-2.0-paramiko_2.2.1
DEB [20170825-15:17:32.549] thr=1   paramiko.transport: Remote version/idstring: SSH-2.0-OpenSSH_6.7p1 Debian-5+deb8u3
INF [20170825-15:17:32.549] thr=1   paramiko.transport: Connected (version 2.0, client OpenSSH_6.7p1)
DEB [20170825-15:17:32.554] thr=1   paramiko.transport: kex algos:[u'curve25519-sha256@libssh.org', u'ecdh-sha2-nistp256', u'ecdh-sha2-nistp384', u'ecdh-sha2-nistp521', u'diffie-hellman-group-exchange-sha256', u'diffie-hellman-group14-sha1'] server key:[u'ssh-rsa', u'ssh-dss', u'ecdsa-sha2-nistp256', u'ssh-ed25519'] client encrypt:[u'aes128-ctr', u'aes192-ctr', u'aes256-ctr', u'aes128-gcm@openssh.com', u'aes256-gcm@openssh.com', u'chacha20-poly1305@openssh.com'] server encrypt:[u'aes128-ctr', u'aes192-ctr', u'aes256-ctr', u'aes128-gcm@openssh.com', u'aes256-gcm@openssh.com', u'chacha20-poly1305@openssh.com'] client mac:[u'umac-64-etm@openssh.com', u'umac-128-etm@openssh.com', u'hmac-sha2-256-etm@openssh.com', u'hmac-sha2-512-etm@openssh.com', u'hmac-sha1-etm@openssh.com', u'umac-64@openssh.com', u'umac-128@openssh.com', u'hmac-sha2-256', u'hmac-sha2-512', u'hmac-sha1'] server mac:[u'umac-64-etm@openssh.com', u'umac-128-etm@openssh.com', u'hmac-sha2-256-etm@openssh.com', u'hmac-sha2-512-etm@openssh.com', u'hmac-sha1-etm@openssh.com', u'umac-64@openssh.com', u'umac-128@openssh.com', u'hmac-sha2-256', u'hmac-sha2-512', u'hmac-sha1'] client compress:[u'none', u'zlib@openssh.com'] server compress:[u'none', u'zlib@openssh.com'] client lang:[u''] server lang:[u''] kex follows?False
DEB [20170825-15:17:32.554] thr=1   paramiko.transport: Kex agreed: ecdh-sha2-nistp256
DEB [20170825-15:17:32.555] thr=1   paramiko.transport: HostKey agreed: ssh-ed25519
DEB [20170825-15:17:32.555] thr=1   paramiko.transport: Cipher agreed: aes128-ctr
DEB [20170825-15:17:32.555] thr=1   paramiko.transport: MAC agreed: hmac-sha2-256
DEB [20170825-15:17:32.555] thr=1   paramiko.transport: Compression agreed: none
DEB [20170825-15:17:32.562] thr=1   paramiko.transport: kex engine KexNistp256 specified hash_algo <built-in function openssl_sha256>
DEB [20170825-15:17:32.563] thr=1   paramiko.transport: Switch to new keys ...
DEB [20170825-15:17:32.564] thr=2   paramiko.transport: Adding ssh-ed25519 host key for [10.253.12.244]:32200: 2197a7c7dea2e05ef5bd810468888afe
DEB [20170825-15:17:32.565] thr=2   paramiko.transport: Trying SSH key da0466ba87e0f880a0c2433d87e5938e
DEB [20170825-15:17:32.603] thr=1   paramiko.transport: userauth is OK
INF [20170825-15:17:32.617] thr=1   paramiko.transport: Authentication (publickey) successful!
DEB [20170825-15:17:32.631] thr=2   paramiko.transport: [chan 0] Max packet in: 32768 bytes
DEB [20170825-15:17:32.634] thr=1   paramiko.transport: [chan 0] Max packet out: 32768 bytes
DEB [20170825-15:17:32.635] thr=1   paramiko.transport: Secsh channel 0 opened.
DEB [20170825-15:17:32.639] thr=1   paramiko.transport: [chan 0] Sesch channel 0 request ok
DEB [20170825-15:17:32.640] thr=2   paramiko.transport: [chan 1] Max packet in: 32768 bytes
DEB [20170825-15:17:32.641] thr=1   paramiko.transport: [chan 0] EOF received (0)
DEB [20170825-15:17:32.643] thr=1   paramiko.transport: [chan 0] EOF sent (0)
DEB [20170825-15:17:32.646] thr=1   paramiko.transport: [chan 1] Max packet out: 32768 bytes
DEB [20170825-15:17:32.646] thr=1   paramiko.transport: Secsh channel 1 opened.
DEB [20170825-15:17:32.688] thr=1   paramiko.transport: [chan 1] Sesch channel 1 request ok
DEB [20170825-15:17:32.704] thr=2   paramiko.transport: [chan 1] EOF sent (1)
DEB [20170825-15:17:32.706] thr=2   paramiko.transport: [chan 2] Max packet in: 32768 bytes
DEB [20170825-15:17:32.708] thr=1   paramiko.transport: [chan 1] EOF received (1)
DEB [20170825-15:17:32.748] thr=1   paramiko.transport: [chan 2] Max packet out: 32768 bytes
DEB [20170825-15:17:32.749] thr=1   paramiko.transport: Secsh channel 2 opened.
DEB [20170825-15:17:32.777] thr=1   paramiko.transport: [chan 2] Sesch channel 2 request ok
DEB [20170825-15:17:32.793] thr=2   paramiko.transport: [chan 2] EOF sent (2)
DEB [20170825-15:17:32.801] thr=1   paramiko.transport: [chan 2] EOF received (2)
DEB [20170825-15:17:32.842] thr=2   paramiko.transport: [chan 3] Max packet in: 32768 bytes
DEB [20170825-15:17:32.846] thr=1   paramiko.transport: [chan 3] Max packet out: 32768 bytes
DEB [20170825-15:17:32.846] thr=1   paramiko.transport: Secsh channel 3 opened.
DEB [20170825-15:17:32.851] thr=1   paramiko.transport: [chan 3] Sesch channel 3 request ok
DEB [20170825-15:17:33.898] thr=1   paramiko.transport: [chan 3] EOF received (3)
DEB [20170825-15:17:33.899] thr=1   paramiko.transport: [chan 3] EOF sent (3)
DEB [20170825-15:17:34.301] thr=1   paramiko.transport: EOF in transport thread
DEB [20170825-15:23:04.385] thr=1   paramiko.transport: starting thread (client mode): 0xb3f15250L
DEB [20170825-15:23:04.385] thr=1   paramiko.transport: Local version/idstring: SSH-2.0-paramiko_2.2.1
DEB [20170825-15:23:04.387] thr=1   paramiko.transport: Remote version/idstring: SSH-2.0-OpenSSH_6.7p1 Debian-5+deb8u3
INF [20170825-15:23:04.387] thr=1   paramiko.transport: Connected (version 2.0, client OpenSSH_6.7p1)
DEB [20170825-15:23:04.392] thr=1   paramiko.transport: kex algos:[u'curve25519-sha256@libssh.org', u'ecdh-sha2-nistp256', u'ecdh-sha2-nistp384', u'ecdh-sha2-nistp521', u'diffie-hellman-group-exchange-sha256', u'diffie-hellman-group14-sha1'] server key:[u'ssh-rsa', u'ssh-dss', u'ecdsa-sha2-nistp256', u'ssh-ed25519'] client encrypt:[u'aes128-ctr', u'aes192-ctr', u'aes256-ctr', u'aes128-gcm@openssh.com', u'aes256-gcm@openssh.com', u'chacha20-poly1305@openssh.com'] server encrypt:[u'aes128-ctr', u'aes192-ctr', u'aes256-ctr', u'aes128-gcm@openssh.com', u'aes256-gcm@openssh.com', u'chacha20-poly1305@openssh.com'] client mac:[u'umac-64-etm@openssh.com', u'umac-128-etm@openssh.com', u'hmac-sha2-256-etm@openssh.com', u'hmac-sha2-512-etm@openssh.com', u'hmac-sha1-etm@openssh.com', u'umac-64@openssh.com', u'umac-128@openssh.com', u'hmac-sha2-256', u'hmac-sha2-512', u'hmac-sha1'] server mac:[u'umac-64-etm@openssh.com', u'umac-128-etm@openssh.com', u'hmac-sha2-256-etm@openssh.com', u'hmac-sha2-512-etm@openssh.com', u'hmac-sha1-etm@openssh.com', u'umac-64@openssh.com', u'umac-128@openssh.com', u'hmac-sha2-256', u'hmac-sha2-512', u'hmac-sha1'] client compress:[u'none', u'zlib@openssh.com'] server compress:[u'none', u'zlib@openssh.com'] client lang:[u''] server lang:[u''] kex follows?False
DEB [20170825-15:23:04.392] thr=1   paramiko.transport: Kex agreed: ecdh-sha2-nistp256
DEB [20170825-15:23:04.392] thr=1   paramiko.transport: HostKey agreed: ssh-ed25519
DEB [20170825-15:23:04.392] thr=1   paramiko.transport: Cipher agreed: aes128-ctr
DEB [20170825-15:23:04.392] thr=1   paramiko.transport: MAC agreed: hmac-sha2-256
DEB [20170825-15:23:04.392] thr=1   paramiko.transport: Compression agreed: none
DEB [20170825-15:23:04.400] thr=1   paramiko.transport: kex engine KexNistp256 specified hash_algo <built-in function openssl_sha256>
DEB [20170825-15:23:04.400] thr=1   paramiko.transport: Switch to new keys ...
DEB [20170825-15:23:04.401] thr=2   paramiko.transport: Adding ssh-ed25519 host key for [10.253.12.244]:32200: 2197a7c7dea2e05ef5bd810468888afe
DEB [20170825-15:23:04.402] thr=2   paramiko.transport: Trying SSH key da0466ba87e0f880a0c2433d87e5938e
DEB [20170825-15:23:04.441] thr=1   paramiko.transport: userauth is OK
INF [20170825-15:23:04.454] thr=1   paramiko.transport: Authentication (publickey) successful!
DEB [20170825-15:23:04.467] thr=2   paramiko.transport: [chan 0] Max packet in: 32768 bytes
DEB [20170825-15:23:04.470] thr=1   paramiko.transport: [chan 0] Max packet out: 32768 bytes
DEB [20170825-15:23:04.471] thr=1   paramiko.transport: Secsh channel 0 opened.
DEB [20170825-15:23:04.475] thr=1   paramiko.transport: [chan 0] Sesch channel 0 request ok
DEB [20170825-15:23:04.476] thr=2   paramiko.transport: [chan 1] Max packet in: 32768 bytes
DEB [20170825-15:23:04.477] thr=1   paramiko.transport: [chan 0] EOF received (0)
DEB [20170825-15:23:04.478] thr=1   paramiko.transport: [chan 0] EOF sent (0)
DEB [20170825-15:23:04.479] thr=1   paramiko.transport: [chan 1] Max packet out: 32768 bytes
DEB [20170825-15:23:04.479] thr=1   paramiko.transport: Secsh channel 1 opened.
DEB [20170825-15:23:04.522] thr=1   paramiko.transport: [chan 1] Sesch channel 1 request ok
DEB [20170825-15:23:04.541] thr=2   paramiko.transport: [chan 1] EOF sent (1)
DEB [20170825-15:23:04.543] thr=2   paramiko.transport: [chan 2] Max packet in: 32768 bytes
DEB [20170825-15:23:04.545] thr=1   paramiko.transport: [chan 1] EOF received (1)
DEB [20170825-15:23:04.586] thr=1   paramiko.transport: [chan 2] Max packet out: 32768 bytes
DEB [20170825-15:23:04.587] thr=1   paramiko.transport: Secsh channel 2 opened.
DEB [20170825-15:23:04.613] thr=1   paramiko.transport: [chan 2] Sesch channel 2 request ok
DEB [20170825-15:23:04.626] thr=2   paramiko.transport: [chan 2] EOF sent (2)
DEB [20170825-15:23:04.630] thr=1   paramiko.transport: [chan 2] EOF received (2)
DEB [20170825-15:23:04.682] thr=2   paramiko.transport: [chan 3] Max packet in: 32768 bytes
DEB [20170825-15:23:04.686] thr=1   paramiko.transport: [chan 3] Max packet out: 32768 bytes
DEB [20170825-15:23:04.687] thr=1   paramiko.transport: Secsh channel 3 opened.
DEB [20170825-15:23:04.692] thr=1   paramiko.transport: [chan 3] Sesch channel 3 request ok
DEB [20170825-15:23:06.660] thr=1   paramiko.transport: [chan 3] EOF received (3)
DEB [20170825-15:23:06.661] thr=1   paramiko.transport: [chan 3] EOF sent (3)
DEB [20170825-15:23:07.569] thr=1   paramiko.transport: EOF in transport thread
